INFO:root:Running "add" with arguments (3, 3)
INFO:root:Running "add" with arguments (4, 5)
INFO:root:Running "sub" with arguments (10, 5)
INFO:root:Running "sub" with arguments (20, 10)
INFO:root:Running "add_logger" with arguments (1, 1)
INFO:root:Running "add_logger" with arguments (2, 3)
INFO:root:Running "sub_logger" with arguments (100, 50)
INFO:root:Running "sub_logger" with arguments (200, 100)
INFO:root:Running "add" with arguments (3, 3)
INFO:root:Running "add" with arguments (4, 5)
INFO:root:Running "sub" with arguments (10, 5)
INFO:root:Running "sub" with arguments (20, 10)
INFO:root:Running "add_logger" with arguments (1, 1)
INFO:root:Running "add_logger" with arguments (2, 3)
INFO:root:Running "sub_logger" with arguments (100, 50)
INFO:root:Running "sub_logger" with arguments (200, 100)
INFO:root:2020-09-12 11:24:59.606446 : Running "add" with arguments (3, 3)
INFO:root:2020-09-12 11:24:59.606446 : Running "add" with arguments (4, 5)
INFO:root:2020-09-12 11:24:59.606446 : Running "sub" with arguments (10, 5)
INFO:root:2020-09-12 11:24:59.607472 : Running "sub" with arguments (20, 10)
INFO:root:2020-09-12 11:24:59.607472 : Running "add_logger" with arguments (1, 1)
INFO:root:2020-09-12 11:24:59.607472 : Running "add_logger" with arguments (2, 3)
INFO:root:2020-09-12 11:24:59.607472 : Running "sub_logger" with arguments (100, 50)
INFO:root:2020-09-12 11:24:59.607472 : Running "sub_logger" with arguments (200, 100)
INFO:root:2020-09-12 11:27:20.636410 : Running "add" with arguments (3, 3)
INFO:root:2020-09-12 11:27:20.637437 : Running "add" with arguments (4, 5)
INFO:root:2020-09-12 11:27:20.637437 : Running "sub" with arguments (10, 5)
INFO:root:2020-09-12 11:27:20.637437 : Running "sub" with arguments (20, 10)
INFO:root:2020-09-12 11:27:20.639405 : Running "add_logger" with arguments (1, 1)
INFO:root:2020-09-12 11:27:20.639405 : Running "add_logger" with arguments (2, 3)
INFO:root:2020-09-12 11:27:20.639405 : Running "sub_logger" with arguments (100, 50)
INFO:root:2020-09-12 11:27:20.639405 : Running "sub_logger" with arguments (200, 100)
INFO:root:2020-09-12 11:29:49.771328 : Running "add" with arguments (3, 3)
INFO:root:2020-09-12 11:30:08.430830 : Running "add" with arguments (3, 3)
INFO:root:2020-09-12 11:30:08.430830 : Running "add" with arguments (4, 5)
INFO:root:2020-09-12 11:30:08.430830 : Running "sub" with arguments (10, 5)
INFO:root:2020-09-12 11:30:08.430830 : Running "sub" with arguments (20, 10)
INFO:root:2020-09-12 11:30:08.432826 : Running "add_logger" with arguments (1, 1)
INFO:root:2020-09-12 11:30:08.432826 : Running "add_logger" with arguments (2, 3)
INFO:root:2020-09-12 11:30:08.433824 : Running "sub_logger" with arguments (100, 50)
INFO:root:2020-09-12 11:30:08.433824 : Running "sub_logger" with arguments (200, 100)
INFO:root:2020-09-12 11:41:04.842643 : Running "add" with arguments (3, 3)
INFO:root:2020-09-12 11:41:04.843640 : Running "add" with arguments (4, 5)
INFO:root:2020-09-12 11:41:04.843640 : Running "sub" with arguments (10, 5)
INFO:root:2020-09-12 11:41:04.843640 : Running "sub" with arguments (20, 10)
INFO:root:2020-09-12 11:41:04.845635 : Running "add_logger" with arguments (1, 1)
INFO:root:2020-09-12 11:41:04.845635 : Running "add_logger" with arguments (2, 3)
INFO:root:2020-09-12 11:41:04.846631 : Running "sub_logger" with arguments (100, 50)
INFO:root:2020-09-12 11:41:04.846631 : Running "sub_logger" with arguments (200, 100)
INFO:root:2020-09-12 11:42:02.233893 : Running "add" with arguments (3, 3)
INFO:root:2020-09-12 11:42:02.234890 : Running "add" with arguments (3, 3)
INFO:root:2020-09-12 11:42:02.235887 : Running "add" with arguments (3, 3)
INFO:root:2020-09-12 11:42:02.235887 : Running "add" with arguments (3, 3)
INFO:root:2020-09-12 11:42:02.235887 : Running "add" with arguments (3, 3)
INFO:root:2020-09-12 11:42:02.236884 : Running "add" with arguments (3, 3)
INFO:root:2020-09-12 11:42:02.236884 : Running "add" with arguments (3, 3)
INFO:root:2020-09-12 11:42:02.236884 : Running "add" with arguments (3, 3)
INFO:root:2020-09-12 11:42:02.237881 : Running "add" with arguments (3, 3)
INFO:root:2020-09-12 11:42:02.237881 : Running "add" with arguments (3, 3)
INFO:root:2020-09-12 11:42:02.238886 : Running "add" with arguments (3, 3)
INFO:root:2020-09-12 11:42:02.238886 : Running "add" with arguments (3, 3)
INFO:root:2020-09-12 11:42:02.238886 : Running "add" with arguments (3, 3)
INFO:root:2020-09-12 11:42:02.239879 : Running "add" with arguments (3, 3)
INFO:root:2020-09-12 11:42:02.239879 : Running "add" with arguments (3, 3)
INFO:root:2020-09-12 11:42:02.240873 : Running "add" with arguments (3, 3)
INFO:root:2020-09-12 11:42:02.240873 : Running "add" with arguments (3, 3)
INFO:root:2020-09-12 11:42:02.241903 : Running "add" with arguments (3, 3)
INFO:root:2020-09-12 11:42:02.241903 : Running "add" with arguments (3, 3)
INFO:root:2020-09-12 11:42:02.241903 : Running "add" with arguments (3, 3)
INFO:root:2020-09-12 11:42:02.242897 : Running "add" with arguments (3, 3)
INFO:root:2020-09-12 11:42:02.242897 : Running "add" with arguments (3, 3)
INFO:root:2020-09-12 11:42:02.242897 : Running "add" with arguments (3, 3)
INFO:root:2020-09-12 11:42:02.242897 : Running "add" with arguments (3, 3)
INFO:root:2020-09-12 11:42:02.243894 : Running "add" with arguments (3, 3)
INFO:root:2020-09-12 11:42:02.243894 : Running "add" with arguments (3, 3)
INFO:root:2020-09-12 11:42:02.243894 : Running "add" with arguments (3, 3)
INFO:root:2020-09-12 11:42:02.244864 : Running "add" with arguments (3, 3)
INFO:root:2020-09-12 11:42:02.244864 : Running "add" with arguments (3, 3)
INFO:root:2020-09-12 11:42:02.245890 : Running "add" with arguments (3, 3)
INFO:root:2020-09-12 11:42:02.245890 : Running "add" with arguments (3, 3)
INFO:root:2020-09-12 11:42:02.246860 : Running "add" with arguments (3, 3)
INFO:root:2020-09-12 11:42:02.246860 : Running "add" with arguments (3, 3)
INFO:root:2020-09-12 11:42:02.247859 : Running "add" with arguments (3, 3)
INFO:root:2020-09-12 11:42:02.247859 : Running "add" with arguments (3, 3)
INFO:root:2020-09-12 11:42:02.248857 : Running "add" with arguments (3, 3)
INFO:root:2020-09-12 11:42:02.248857 : Running "add" with arguments (3, 3)
INFO:root:2020-09-12 11:42:02.248857 : Running "add" with arguments (3, 3)
INFO:root:2020-09-12 11:42:02.248857 : Running "add" with arguments (3, 3)
INFO:root:2020-09-12 11:42:02.249882 : Running "add" with arguments (3, 3)
INFO:root:2020-09-12 11:42:02.249882 : Running "add" with arguments (3, 3)
INFO:root:2020-09-12 11:42:02.249882 : Running "add" with arguments (3, 3)
INFO:root:2020-09-12 11:42:02.250875 : Running "add" with arguments (3, 3)
INFO:root:2020-09-12 11:42:02.250875 : Running "add" with arguments (3, 3)
INFO:root:2020-09-12 11:42:02.250875 : Running "add" with arguments (3, 3)
INFO:root:2020-09-12 11:42:02.251873 : Running "add" with arguments (3, 3)
INFO:root:2020-09-12 11:42:02.251873 : Running "add" with arguments (3, 3)
INFO:root:2020-09-12 11:42:02.251873 : Running "add" with arguments (3, 3)
INFO:root:2020-09-12 11:42:02.252875 : Running "add" with arguments (3, 3)
INFO:root:2020-09-12 11:42:02.252875 : Running "add" with arguments (3, 3)
INFO:root:2020-09-12 11:42:02.252875 : Running "add" with arguments (3, 3)
INFO:root:2020-09-12 11:42:02.253837 : Running "add" with arguments (3, 3)
INFO:root:2020-09-12 11:42:02.253837 : Running "add" with arguments (3, 3)
INFO:root:2020-09-12 11:42:02.253837 : Running "add" with arguments (3, 3)
INFO:root:2020-09-12 11:42:02.254841 : Running "add" with arguments (3, 3)
INFO:root:2020-09-12 11:42:02.255834 : Running "add" with arguments (3, 3)
INFO:root:2020-09-12 11:42:02.255834 : Running "add" with arguments (3, 3)
INFO:root:2020-09-12 11:42:02.255834 : Running "add" with arguments (3, 3)
INFO:root:2020-09-12 11:42:02.256835 : Running "add" with arguments (3, 3)
INFO:root:2020-09-12 11:42:02.256835 : Running "add" with arguments (3, 3)
INFO:root:2020-09-12 11:42:02.256835 : Running "add" with arguments (3, 3)
INFO:root:2020-09-12 11:42:02.257863 : Running "add" with arguments (3, 3)
INFO:root:2020-09-12 11:42:02.257863 : Running "add" with arguments (3, 3)
INFO:root:2020-09-12 11:42:02.257863 : Running "add" with arguments (3, 3)
INFO:root:2020-09-12 11:42:02.258859 : Running "add" with arguments (3, 3)
INFO:root:2020-09-12 11:42:02.258859 : Running "add" with arguments (3, 3)
INFO:root:2020-09-12 11:42:02.258859 : Running "add" with arguments (3, 3)
INFO:root:2020-09-12 11:42:02.259851 : Running "add" with arguments (3, 3)
INFO:root:2020-09-12 11:42:02.259851 : Running "add" with arguments (3, 3)
INFO:root:2020-09-12 11:42:02.259851 : Running "add" with arguments (3, 3)
INFO:root:2020-09-12 11:42:02.260823 : Running "add" with arguments (3, 3)
INFO:root:2020-09-12 11:42:02.260823 : Running "add" with arguments (3, 3)
INFO:root:2020-09-12 11:42:02.260823 : Running "add" with arguments (3, 3)
INFO:root:2020-09-12 11:42:02.261817 : Running "add" with arguments (3, 3)
INFO:root:2020-09-12 11:42:02.261817 : Running "add" with arguments (3, 3)
INFO:root:2020-09-12 11:42:02.262815 : Running "add" with arguments (3, 3)
INFO:root:2020-09-12 11:42:02.262815 : Running "add" with arguments (3, 3)
INFO:root:2020-09-12 11:42:02.262815 : Running "add" with arguments (3, 3)
INFO:root:2020-09-12 11:42:02.263813 : Running "add" with arguments (3, 3)
INFO:root:2020-09-12 11:42:02.263813 : Running "add" with arguments (3, 3)
INFO:root:2020-09-12 11:42:02.263813 : Running "add" with arguments (3, 3)
INFO:root:2020-09-12 11:42:02.264813 : Running "add" with arguments (3, 3)
INFO:root:2020-09-12 11:42:02.264813 : Running "add" with arguments (3, 3)
INFO:root:2020-09-12 11:42:02.264813 : Running "add" with arguments (3, 3)
INFO:root:2020-09-12 11:42:02.264813 : Running "add" with arguments (3, 3)
INFO:root:2020-09-12 11:42:02.265835 : Running "add" with arguments (3, 3)
INFO:root:2020-09-12 11:42:02.265835 : Running "add" with arguments (3, 3)
INFO:root:2020-09-12 11:42:02.267802 : Running "add" with arguments (3, 3)
INFO:root:2020-09-12 11:42:02.267802 : Running "add" with arguments (3, 3)
INFO:root:2020-09-12 11:42:02.268799 : Running "add" with arguments (3, 3)
INFO:root:2020-09-12 11:42:02.269795 : Running "add" with arguments (3, 3)
INFO:root:2020-09-12 11:42:02.269795 : Running "add" with arguments (3, 3)
INFO:root:2020-09-12 11:42:02.270823 : Running "add" with arguments (3, 3)
INFO:root:2020-09-12 11:42:02.270823 : Running "add" with arguments (3, 3)
INFO:root:2020-09-12 11:42:02.270823 : Running "add" with arguments (3, 3)
INFO:root:2020-09-12 11:42:02.271821 : Running "add" with arguments (3, 3)
INFO:root:2020-09-12 11:42:02.271821 : Running "add" with arguments (3, 3)
INFO:root:2020-09-12 11:42:02.271821 : Running "add" with arguments (3, 3)
INFO:root:2020-09-12 11:42:02.271821 : Running "add" with arguments (3, 3)
INFO:root:2020-09-12 11:42:02.271821 : Running "add" with arguments (3, 3)
INFO:root:2020-09-12 11:42:02.271821 : Running "add" with arguments (3, 3)
INFO:root:2020-09-12 11:42:02.272816 : Running "add" with arguments (3, 3)
INFO:root:2020-09-12 11:42:02.272816 : Running "add" with arguments (3, 3)
INFO:root:2020-09-12 11:42:02.272816 : Running "add" with arguments (3, 3)
INFO:root:2020-09-12 11:42:02.272816 : Running "add" with arguments (3, 3)
INFO:root:2020-09-12 11:42:02.272816 : Running "add" with arguments (3, 3)
INFO:root:2020-09-12 11:42:02.272816 : Running "add" with arguments (3, 3)
INFO:root:2020-09-12 11:42:02.272816 : Running "add" with arguments (3, 3)
INFO:root:2020-09-12 11:42:02.273810 : Running "add" with arguments (3, 3)
INFO:root:2020-09-12 11:42:02.273810 : Running "add" with arguments (3, 3)
INFO:root:2020-09-12 11:42:02.273810 : Running "add" with arguments (3, 3)
INFO:root:2020-09-12 11:42:02.273810 : Running "add" with arguments (3, 3)
INFO:root:2020-09-12 11:42:02.273810 : Running "add" with arguments (3, 3)
INFO:root:2020-09-12 11:42:02.274783 : Running "add" with arguments (3, 3)
INFO:root:2020-09-12 11:42:02.274783 : Running "add" with arguments (3, 3)
INFO:root:2020-09-12 11:42:02.274783 : Running "add" with arguments (3, 3)
INFO:root:2020-09-12 11:42:02.274783 : Running "add" with arguments (3, 3)
INFO:root:2020-09-12 11:42:02.274783 : Running "add" with arguments (3, 3)
INFO:root:2020-09-12 11:42:02.274783 : Running "add" with arguments (3, 3)
INFO:root:2020-09-12 11:42:02.274783 : Running "add" with arguments (3, 3)
INFO:root:2020-09-12 11:42:02.275808 : Running "add" with arguments (3, 3)
INFO:root:2020-09-12 11:42:02.275808 : Running "add" with arguments (3, 3)
INFO:root:2020-09-12 11:42:02.275808 : Running "add" with arguments (3, 3)
INFO:root:2020-09-12 11:42:02.275808 : Running "add" with arguments (3, 3)
INFO:root:2020-09-12 11:42:02.275808 : Running "add" with arguments (3, 3)
INFO:root:2020-09-12 11:42:02.275808 : Running "add" with arguments (3, 3)
INFO:root:2020-09-12 11:42:02.276777 : Running "add" with arguments (3, 3)
INFO:root:2020-09-12 11:42:02.276777 : Running "add" with arguments (3, 3)
INFO:root:2020-09-12 11:42:02.276777 : Running "add" with arguments (3, 3)
INFO:root:2020-09-12 11:42:02.276777 : Running "add" with arguments (3, 3)
INFO:root:2020-09-12 11:42:02.276777 : Running "add" with arguments (3, 3)
INFO:root:2020-09-12 11:42:02.276777 : Running "add" with arguments (3, 3)
INFO:root:2020-09-12 11:42:02.277778 : Running "add" with arguments (3, 3)
INFO:root:2020-09-12 11:42:02.277778 : Running "add" with arguments (3, 3)
INFO:root:2020-09-12 11:42:02.277778 : Running "add" with arguments (3, 3)
INFO:root:2020-09-12 11:42:02.277778 : Running "add" with arguments (3, 3)
INFO:root:2020-09-12 11:42:02.278774 : Running "add" with arguments (3, 3)
INFO:root:2020-09-12 11:42:02.278774 : Running "add" with arguments (3, 3)
INFO:root:2020-09-12 11:42:02.278774 : Running "add" with arguments (3, 3)
INFO:root:2020-09-12 11:42:02.279769 : Running "add" with arguments (3, 3)
INFO:root:2020-09-12 11:42:02.279769 : Running "add" with arguments (3, 3)
INFO:root:2020-09-12 11:42:02.279769 : Running "add" with arguments (3, 3)
INFO:root:2020-09-12 11:42:02.279769 : Running "add" with arguments (3, 3)
INFO:root:2020-09-12 11:42:02.280767 : Running "add" with arguments (3, 3)
INFO:root:2020-09-12 11:42:02.280767 : Running "add" with arguments (3, 3)
INFO:root:2020-09-12 11:42:02.280767 : Running "add" with arguments (3, 3)
INFO:root:2020-09-12 11:42:02.281765 : Running "add" with arguments (3, 3)
INFO:root:2020-09-12 11:42:02.281765 : Running "add" with arguments (3, 3)
INFO:root:2020-09-12 11:42:02.281765 : Running "add" with arguments (3, 3)
INFO:root:2020-09-12 11:42:02.281765 : Running "add" with arguments (3, 3)
INFO:root:2020-09-12 11:42:02.282761 : Running "add" with arguments (3, 3)
INFO:root:2020-09-12 11:42:02.282761 : Running "add" with arguments (3, 3)
INFO:root:2020-09-12 11:42:02.282761 : Running "add" with arguments (3, 3)
INFO:root:2020-09-12 11:42:02.282761 : Running "add" with arguments (3, 3)
INFO:root:2020-09-12 11:42:02.283787 : Running "add" with arguments (3, 3)
INFO:root:2020-09-12 11:42:02.283787 : Running "add" with arguments (3, 3)
INFO:root:2020-09-12 11:42:02.283787 : Running "add" with arguments (3, 3)
INFO:root:2020-09-12 11:42:02.283787 : Running "add" with arguments (3, 3)
INFO:root:2020-09-12 11:42:02.283787 : Running "add" with arguments (3, 3)
INFO:root:2020-09-12 11:42:02.283787 : Running "add" with arguments (3, 3)
INFO:root:2020-09-12 11:42:02.284757 : Running "add" with arguments (3, 3)
INFO:root:2020-09-12 11:42:02.284757 : Running "add" with arguments (3, 3)
INFO:root:2020-09-12 11:42:02.284757 : Running "add" with arguments (3, 3)
INFO:root:2020-09-12 11:42:02.284757 : Running "add" with arguments (3, 3)
INFO:root:2020-09-12 11:42:02.284757 : Running "add" with arguments (3, 3)
INFO:root:2020-09-12 11:42:02.284757 : Running "add" with arguments (3, 3)
INFO:root:2020-09-12 11:42:02.284757 : Running "add" with arguments (3, 3)
INFO:root:2020-09-12 11:42:02.285780 : Running "add" with arguments (3, 3)
INFO:root:2020-09-12 11:42:02.285780 : Running "add" with arguments (3, 3)
INFO:root:2020-09-12 11:42:02.285780 : Running "add" with arguments (3, 3)
INFO:root:2020-09-12 11:42:02.285780 : Running "add" with arguments (3, 3)
INFO:root:2020-09-12 11:42:02.285780 : Running "add" with arguments (3, 3)
INFO:root:2020-09-12 11:42:02.285780 : Running "add" with arguments (3, 3)
INFO:root:2020-09-12 11:42:02.285780 : Running "add" with arguments (3, 3)
INFO:root:2020-09-12 11:42:02.286781 : Running "add" with arguments (3, 3)
INFO:root:2020-09-12 11:42:02.286781 : Running "add" with arguments (3, 3)
INFO:root:2020-09-12 11:42:02.286781 : Running "add" with arguments (3, 3)
INFO:root:2020-09-12 11:42:02.286781 : Running "add" with arguments (3, 3)
INFO:root:2020-09-12 11:42:02.286781 : Running "add" with arguments (3, 3)
INFO:root:2020-09-12 11:42:02.286781 : Running "add" with arguments (3, 3)
INFO:root:2020-09-12 11:42:02.287776 : Running "add" with arguments (3, 3)
INFO:root:2020-09-12 11:42:02.287776 : Running "add" with arguments (3, 3)
INFO:root:2020-09-12 11:42:02.287776 : Running "add" with arguments (3, 3)
INFO:root:2020-09-12 11:42:02.287776 : Running "add" with arguments (3, 3)
INFO:root:2020-09-12 11:42:02.287776 : Running "add" with arguments (3, 3)
INFO:root:2020-09-12 11:42:02.287776 : Running "add" with arguments (3, 3)
INFO:root:2020-09-12 11:42:02.288745 : Running "add" with arguments (3, 3)
INFO:root:2020-09-12 11:42:02.288745 : Running "add" with arguments (3, 3)
INFO:root:2020-09-12 11:42:02.288745 : Running "add" with arguments (3, 3)
INFO:root:2020-09-12 11:42:02.288745 : Running "add" with arguments (3, 3)
INFO:root:2020-09-12 11:42:02.288745 : Running "add" with arguments (3, 3)
INFO:root:2020-09-12 11:42:02.288745 : Running "add" with arguments (3, 3)
INFO:root:2020-09-12 11:42:02.288745 : Running "add" with arguments (3, 3)
INFO:root:2020-09-12 11:42:02.289742 : Running "add" with arguments (3, 3)
INFO:root:2020-09-12 11:42:02.289742 : Running "add" with arguments (3, 3)
INFO:root:2020-09-12 11:42:02.289742 : Running "add" with arguments (3, 3)
INFO:root:2020-09-12 11:42:02.289742 : Running "add" with arguments (3, 3)
INFO:root:2020-09-12 11:42:02.289742 : Running "add" with arguments (3, 3)
INFO:root:2020-09-12 11:42:02.289742 : Running "add" with arguments (3, 3)
INFO:root:2020-09-12 11:42:02.290740 : Running "add" with arguments (3, 3)
INFO:root:2020-09-12 11:42:02.290740 : Running "add" with arguments (3, 3)
INFO:root:2020-09-12 11:42:02.290740 : Running "add" with arguments (3, 3)
INFO:root:2020-09-12 11:42:02.290740 : Running "add" with arguments (3, 3)
INFO:root:2020-09-12 11:42:02.290740 : Running "add" with arguments (3, 3)
INFO:root:2020-09-12 11:42:02.290740 : Running "add" with arguments (3, 3)
INFO:root:2020-09-12 11:42:02.290740 : Running "add" with arguments (3, 3)
INFO:root:2020-09-12 11:42:02.291764 : Running "add" with arguments (3, 3)
INFO:root:2020-09-12 11:42:02.291764 : Running "add" with arguments (3, 3)
INFO:root:2020-09-12 11:42:02.291764 : Running "add" with arguments (3, 3)
INFO:root:2020-09-12 11:42:02.291764 : Running "add" with arguments (3, 3)
INFO:root:2020-09-12 11:42:02.291764 : Running "add" with arguments (3, 3)
INFO:root:2020-09-12 11:42:02.291764 : Running "add" with arguments (3, 3)
INFO:root:2020-09-12 11:42:02.291764 : Running "add" with arguments (3, 3)
INFO:root:2020-09-12 11:42:02.292764 : Running "add" with arguments (3, 3)
INFO:root:2020-09-12 11:42:02.292764 : Running "add" with arguments (3, 3)
INFO:root:2020-09-12 11:42:02.292764 : Running "add" with arguments (3, 3)
INFO:root:2020-09-12 11:42:02.292764 : Running "add" with arguments (3, 3)
INFO:root:2020-09-12 11:42:02.292764 : Running "add" with arguments (3, 3)
INFO:root:2020-09-12 11:42:02.292764 : Running "add" with arguments (3, 3)
INFO:root:2020-09-12 11:42:02.292764 : Running "add" with arguments (3, 3)
INFO:root:2020-09-12 11:42:02.293759 : Running "add" with arguments (3, 3)
INFO:root:2020-09-12 11:42:02.293759 : Running "add" with arguments (3, 3)
INFO:root:2020-09-12 11:42:02.293759 : Running "add" with arguments (3, 3)
INFO:root:2020-09-12 11:42:02.293759 : Running "add" with arguments (3, 3)
INFO:root:2020-09-12 11:42:02.293759 : Running "add" with arguments (3, 3)
INFO:root:2020-09-12 11:42:02.293759 : Running "add" with arguments (3, 3)
INFO:root:2020-09-12 11:42:02.294729 : Running "add" with arguments (3, 3)
INFO:root:2020-09-12 11:42:02.294729 : Running "add" with arguments (3, 3)
INFO:root:2020-09-12 11:42:02.294729 : Running "add" with arguments (3, 3)
INFO:root:2020-09-12 11:42:02.294729 : Running "add" with arguments (3, 3)
INFO:root:2020-09-12 11:42:02.294729 : Running "add" with arguments (3, 3)
INFO:root:2020-09-12 11:42:02.294729 : Running "add" with arguments (3, 3)
INFO:root:2020-09-12 11:42:02.294729 : Running "add" with arguments (3, 3)
INFO:root:2020-09-12 11:42:02.295726 : Running "add" with arguments (3, 3)
INFO:root:2020-09-12 11:42:02.295726 : Running "add" with arguments (3, 3)
INFO:root:2020-09-12 11:42:02.295726 : Running "add" with arguments (3, 3)
INFO:root:2020-09-12 11:42:02.295726 : Running "add" with arguments (3, 3)
INFO:root:2020-09-12 11:42:02.295726 : Running "add" with arguments (3, 3)
INFO:root:2020-09-12 11:42:02.295726 : Running "add" with arguments (3, 3)
INFO:root:2020-09-12 11:42:02.296726 : Running "add" with arguments (3, 3)
INFO:root:2020-09-12 11:42:02.296726 : Running "add" with arguments (3, 3)
INFO:root:2020-09-12 11:42:02.296726 : Running "add" with arguments (3, 3)
INFO:root:2020-09-12 11:42:02.296726 : Running "add" with arguments (3, 3)
INFO:root:2020-09-12 11:42:02.296726 : Running "add" with arguments (3, 3)
INFO:root:2020-09-12 11:42:02.297749 : Running "add" with arguments (3, 3)
INFO:root:2020-09-12 11:42:02.297749 : Running "add" with arguments (3, 3)
INFO:root:2020-09-12 11:42:02.297749 : Running "add" with arguments (3, 3)
INFO:root:2020-09-12 11:42:02.297749 : Running "add" with arguments (3, 3)
INFO:root:2020-09-12 11:42:02.297749 : Running "add" with arguments (3, 3)
INFO:root:2020-09-12 11:42:02.298719 : Running "add" with arguments (3, 3)
INFO:root:2020-09-12 11:42:02.298719 : Running "add" with arguments (3, 3)
INFO:root:2020-09-12 11:42:02.298719 : Running "add" with arguments (3, 3)
INFO:root:2020-09-12 11:42:02.298719 : Running "add" with arguments (3, 3)
INFO:root:2020-09-12 11:42:02.298719 : Running "add" with arguments (3, 3)
INFO:root:2020-09-12 11:42:02.298719 : Running "add" with arguments (3, 3)
INFO:root:2020-09-12 11:42:02.298719 : Running "add" with arguments (3, 3)
INFO:root:2020-09-12 11:42:02.299743 : Running "add" with arguments (3, 3)
INFO:root:2020-09-12 11:42:02.299743 : Running "add" with arguments (3, 3)
INFO:root:2020-09-12 11:42:02.299743 : Running "add" with arguments (3, 3)
INFO:root:2020-09-12 11:42:02.299743 : Running "add" with arguments (3, 3)
INFO:root:2020-09-12 11:42:02.299743 : Running "add" with arguments (3, 3)
INFO:root:2020-09-12 11:42:02.299743 : Running "add" with arguments (3, 3)
INFO:root:2020-09-12 11:42:02.300743 : Running "add" with arguments (3, 3)
INFO:root:2020-09-12 11:42:02.300743 : Running "add" with arguments (3, 3)
INFO:root:2020-09-12 11:42:02.300743 : Running "add" with arguments (3, 3)
INFO:root:2020-09-12 11:42:02.300743 : Running "add" with arguments (3, 3)
INFO:root:2020-09-12 11:42:02.300743 : Running "add" with arguments (3, 3)
INFO:root:2020-09-12 11:42:02.300743 : Running "add" with arguments (3, 3)
INFO:root:2020-09-12 11:42:02.301740 : Running "add" with arguments (3, 3)
INFO:root:2020-09-12 11:42:02.301740 : Running "add" with arguments (3, 3)
INFO:root:2020-09-12 11:42:02.301740 : Running "add" with arguments (3, 3)
INFO:root:2020-09-12 11:42:02.301740 : Running "add" with arguments (3, 3)
INFO:root:2020-09-12 11:42:02.301740 : Running "add" with arguments (3, 3)
INFO:root:2020-09-12 11:42:02.301740 : Running "add" with arguments (3, 3)
INFO:root:2020-09-12 11:42:02.301740 : Running "add" with arguments (3, 3)
INFO:root:2020-09-12 11:42:02.302708 : Running "add" with arguments (3, 3)
INFO:root:2020-09-12 11:42:02.302708 : Running "add" with arguments (3, 3)
INFO:root:2020-09-12 11:42:02.302708 : Running "add" with arguments (3, 3)
INFO:root:2020-09-12 11:42:02.302708 : Running "add" with arguments (3, 3)
INFO:root:2020-09-12 11:42:02.302708 : Running "add" with arguments (3, 3)
INFO:root:2020-09-12 11:42:02.302708 : Running "add" with arguments (3, 3)
INFO:root:2020-09-12 11:42:02.302708 : Running "add" with arguments (3, 3)
INFO:root:2020-09-12 11:42:02.302708 : Running "add" with arguments (3, 3)
INFO:root:2020-09-12 11:42:02.302708 : Running "add" with arguments (3, 3)
INFO:root:2020-09-12 11:42:02.303733 : Running "add" with arguments (3, 3)
INFO:root:2020-09-12 11:42:02.303733 : Running "add" with arguments (3, 3)
INFO:root:2020-09-12 11:42:02.303733 : Running "add" with arguments (3, 3)
INFO:root:2020-09-12 11:42:02.303733 : Running "add" with arguments (3, 3)
INFO:root:2020-09-12 11:42:02.303733 : Running "add" with arguments (3, 3)
INFO:root:2020-09-12 11:42:02.303733 : Running "add" with arguments (3, 3)
INFO:root:2020-09-12 11:42:02.303733 : Running "add" with arguments (3, 3)
INFO:root:2020-09-12 11:42:02.303733 : Running "add" with arguments (3, 3)
INFO:root:2020-09-12 11:42:02.304702 : Running "add" with arguments (3, 3)
INFO:root:2020-09-12 11:42:02.304702 : Running "add" with arguments (3, 3)
INFO:root:2020-09-12 11:42:02.304702 : Running "add" with arguments (3, 3)
INFO:root:2020-09-12 11:42:02.304702 : Running "add" with arguments (3, 3)
INFO:root:2020-09-12 11:42:02.304702 : Running "add" with arguments (3, 3)
INFO:root:2020-09-12 11:42:02.304702 : Running "add" with arguments (3, 3)
INFO:root:2020-09-12 11:42:02.304702 : Running "add" with arguments (3, 3)
INFO:root:2020-09-12 11:42:02.304702 : Running "add" with arguments (3, 3)
INFO:root:2020-09-12 11:42:02.304702 : Running "add" with arguments (3, 3)
INFO:root:2020-09-12 11:42:02.304702 : Running "add" with arguments (3, 3)
INFO:root:2020-09-12 11:42:02.305728 : Running "add" with arguments (3, 3)
INFO:root:2020-09-12 11:42:02.305728 : Running "add" with arguments (3, 3)
INFO:root:2020-09-12 11:42:02.305728 : Running "add" with arguments (3, 3)
INFO:root:2020-09-12 11:42:02.305728 : Running "add" with arguments (3, 3)
INFO:root:2020-09-12 11:42:02.305728 : Running "add" with arguments (3, 3)
INFO:root:2020-09-12 11:42:02.305728 : Running "add" with arguments (3, 3)
INFO:root:2020-09-12 11:42:02.305728 : Running "add" with arguments (3, 3)
INFO:root:2020-09-12 11:42:02.305728 : Running "add" with arguments (3, 3)
INFO:root:2020-09-12 11:42:02.305728 : Running "add" with arguments (3, 3)
INFO:root:2020-09-12 11:42:02.305728 : Running "add" with arguments (3, 3)
INFO:root:2020-09-12 11:42:02.306725 : Running "add" with arguments (3, 3)
INFO:root:2020-09-12 11:42:02.306725 : Running "add" with arguments (3, 3)
INFO:root:2020-09-12 11:42:02.306725 : Running "add" with arguments (3, 3)
INFO:root:2020-09-12 11:42:02.306725 : Running "add" with arguments (3, 3)
INFO:root:2020-09-12 11:42:02.306725 : Running "add" with arguments (3, 3)
INFO:root:2020-09-12 11:42:02.306725 : Running "add" with arguments (3, 3)
INFO:root:2020-09-12 11:42:02.306725 : Running "add" with arguments (3, 3)
INFO:root:2020-09-12 11:42:02.306725 : Running "add" with arguments (3, 3)
INFO:root:2020-09-12 11:42:02.306725 : Running "add" with arguments (3, 3)
INFO:root:2020-09-12 11:42:02.306725 : Running "add" with arguments (3, 3)
INFO:root:2020-09-12 11:42:02.307722 : Running "add" with arguments (3, 3)
INFO:root:2020-09-12 11:42:02.307722 : Running "add" with arguments (3, 3)
INFO:root:2020-09-12 11:42:02.307722 : Running "add" with arguments (3, 3)
INFO:root:2020-09-12 11:42:02.307722 : Running "add" with arguments (3, 3)
INFO:root:2020-09-12 11:42:02.307722 : Running "add" with arguments (3, 3)
INFO:root:2020-09-12 11:42:02.307722 : Running "add" with arguments (3, 3)
INFO:root:2020-09-12 11:42:02.307722 : Running "add" with arguments (3, 3)
INFO:root:2020-09-12 11:42:02.307722 : Running "add" with arguments (3, 3)
INFO:root:2020-09-12 11:42:02.307722 : Running "add" with arguments (3, 3)
INFO:root:2020-09-12 11:42:02.308720 : Running "add" with arguments (3, 3)
INFO:root:2020-09-12 11:42:02.308720 : Running "add" with arguments (3, 3)
INFO:root:2020-09-12 11:42:02.308720 : Running "add" with arguments (3, 3)
INFO:root:2020-09-12 11:42:02.308720 : Running "add" with arguments (3, 3)
INFO:root:2020-09-12 11:42:02.308720 : Running "add" with arguments (3, 3)
INFO:root:2020-09-12 11:42:02.308720 : Running "add" with arguments (3, 3)
INFO:root:2020-09-12 11:42:02.308720 : Running "add" with arguments (3, 3)
INFO:root:2020-09-12 11:42:02.308720 : Running "add" with arguments (3, 3)
INFO:root:2020-09-12 11:42:02.309688 : Running "add" with arguments (3, 3)
INFO:root:2020-09-12 11:42:02.309688 : Running "add" with arguments (3, 3)
INFO:root:2020-09-12 11:42:02.309688 : Running "add" with arguments (3, 3)
INFO:root:2020-09-12 11:42:02.309688 : Running "add" with arguments (3, 3)
INFO:root:2020-09-12 11:42:02.309688 : Running "add" with arguments (3, 3)
INFO:root:2020-09-12 11:42:02.309688 : Running "add" with arguments (3, 3)
INFO:root:2020-09-12 11:42:02.309688 : Running "add" with arguments (3, 3)
INFO:root:2020-09-12 11:42:02.309688 : Running "add" with arguments (3, 3)
INFO:root:2020-09-12 11:42:02.309688 : Running "add" with arguments (3, 3)
INFO:root:2020-09-12 11:42:02.309688 : Running "add" with arguments (3, 3)
INFO:root:2020-09-12 11:42:02.310716 : Running "add" with arguments (3, 3)
INFO:root:2020-09-12 11:42:02.310716 : Running "add" with arguments (3, 3)
INFO:root:2020-09-12 11:42:02.310716 : Running "add" with arguments (3, 3)
INFO:root:2020-09-12 11:42:02.310716 : Running "add" with arguments (3, 3)
INFO:root:2020-09-12 11:42:02.310716 : Running "add" with arguments (3, 3)
INFO:root:2020-09-12 11:42:02.310716 : Running "add" with arguments (3, 3)
INFO:root:2020-09-12 11:42:02.310716 : Running "add" with arguments (3, 3)
INFO:root:2020-09-12 11:42:02.310716 : Running "add" with arguments (3, 3)
INFO:root:2020-09-12 11:42:02.310716 : Running "add" with arguments (3, 3)
INFO:root:2020-09-12 11:42:02.310716 : Running "add" with arguments (3, 3)
INFO:root:2020-09-12 11:42:02.311713 : Running "add" with arguments (3, 3)
INFO:root:2020-09-12 11:42:02.311713 : Running "add" with arguments (3, 3)
INFO:root:2020-09-12 11:42:02.311713 : Running "add" with arguments (3, 3)
INFO:root:2020-09-12 11:42:02.311713 : Running "add" with arguments (3, 3)
INFO:root:2020-09-12 11:42:02.311713 : Running "add" with arguments (3, 3)
INFO:root:2020-09-12 11:42:02.311713 : Running "add" with arguments (3, 3)
INFO:root:2020-09-12 11:42:02.311713 : Running "add" with arguments (3, 3)
INFO:root:2020-09-12 11:42:02.311713 : Running "add" with arguments (3, 3)
INFO:root:2020-09-12 11:42:02.311713 : Running "add" with arguments (3, 3)
INFO:root:2020-09-12 11:42:02.311713 : Running "add" with arguments (3, 3)
INFO:root:2020-09-12 11:42:02.312709 : Running "add" with arguments (3, 3)
INFO:root:2020-09-12 11:42:02.312709 : Running "add" with arguments (3, 3)
INFO:root:2020-09-12 11:42:02.312709 : Running "add" with arguments (3, 3)
INFO:root:2020-09-12 11:42:02.312709 : Running "add" with arguments (3, 3)
INFO:root:2020-09-12 11:42:02.312709 : Running "add" with arguments (3, 3)
INFO:root:2020-09-12 11:42:02.312709 : Running "add" with arguments (3, 3)
INFO:root:2020-09-12 11:42:02.312709 : Running "add" with arguments (3, 3)
INFO:root:2020-09-12 11:42:02.313678 : Running "add" with arguments (3, 3)
INFO:root:2020-09-12 11:42:02.313678 : Running "add" with arguments (3, 3)
INFO:root:2020-09-12 11:42:02.313678 : Running "add" with arguments (3, 3)
INFO:root:2020-09-12 11:42:02.313678 : Running "add" with arguments (3, 3)
INFO:root:2020-09-12 11:42:02.313678 : Running "add" with arguments (3, 3)
INFO:root:2020-09-12 11:42:02.313678 : Running "add" with arguments (3, 3)
INFO:root:2020-09-12 11:42:02.313678 : Running "add" with arguments (3, 3)
INFO:root:2020-09-12 11:42:02.313678 : Running "add" with arguments (3, 3)
INFO:root:2020-09-12 11:42:02.313678 : Running "add" with arguments (3, 3)
INFO:root:2020-09-12 11:42:02.314675 : Running "add" with arguments (3, 3)
INFO:root:2020-09-12 11:42:02.314675 : Running "add" with arguments (3, 3)
INFO:root:2020-09-12 11:42:02.314675 : Running "add" with arguments (3, 3)
INFO:root:2020-09-12 11:42:02.314675 : Running "add" with arguments (3, 3)
INFO:root:2020-09-12 11:42:02.314675 : Running "add" with arguments (3, 3)
INFO:root:2020-09-12 11:42:02.314675 : Running "add" with arguments (3, 3)
INFO:root:2020-09-12 11:42:02.314675 : Running "add" with arguments (3, 3)
INFO:root:2020-09-12 11:42:02.314675 : Running "add" with arguments (3, 3)
INFO:root:2020-09-12 11:42:02.314675 : Running "add" with arguments (3, 3)
INFO:root:2020-09-12 11:42:02.315704 : Running "add" with arguments (3, 3)
INFO:root:2020-09-12 11:42:02.315704 : Running "add" with arguments (3, 3)
INFO:root:2020-09-12 11:42:02.315704 : Running "add" with arguments (3, 3)
INFO:root:2020-09-12 11:42:02.315704 : Running "add" with arguments (3, 3)
INFO:root:2020-09-12 11:42:02.315704 : Running "add" with arguments (3, 3)
INFO:root:2020-09-12 11:42:02.315704 : Running "add" with arguments (3, 3)
INFO:root:2020-09-12 11:42:02.315704 : Running "add" with arguments (3, 3)
INFO:root:2020-09-12 11:42:02.315704 : Running "add" with arguments (3, 3)
INFO:root:2020-09-12 11:42:02.316671 : Running "add" with arguments (3, 3)
INFO:root:2020-09-12 11:42:02.316671 : Running "add" with arguments (3, 3)
INFO:root:2020-09-12 11:42:02.316671 : Running "add" with arguments (3, 3)
INFO:root:2020-09-12 11:42:02.316671 : Running "add" with arguments (3, 3)
INFO:root:2020-09-12 11:42:02.316671 : Running "add" with arguments (3, 3)
INFO:root:2020-09-12 11:42:02.316671 : Running "add" with arguments (3, 3)
INFO:root:2020-09-12 11:42:02.317479 : Running "add" with arguments (3, 3)
INFO:root:2020-09-12 11:42:02.317479 : Running "add" with arguments (3, 3)
INFO:root:2020-09-12 11:42:02.317696 : Running "add" with arguments (3, 3)
INFO:root:2020-09-12 11:42:02.317696 : Running "add" with arguments (3, 3)
INFO:root:2020-09-12 11:42:02.317696 : Running "add" with arguments (3, 3)
INFO:root:2020-09-12 11:42:02.317696 : Running "add" with arguments (3, 3)
INFO:root:2020-09-12 11:42:02.317696 : Running "add" with arguments (3, 3)
INFO:root:2020-09-12 11:42:02.317696 : Running "add" with arguments (3, 3)
INFO:root:2020-09-12 11:42:02.317696 : Running "add" with arguments (3, 3)
INFO:root:2020-09-12 11:42:02.317696 : Running "add" with arguments (3, 3)
INFO:root:2020-09-12 11:42:02.317696 : Running "add" with arguments (3, 3)
INFO:root:2020-09-12 11:42:02.318693 : Running "add" with arguments (3, 3)
INFO:root:2020-09-12 11:42:02.318693 : Running "add" with arguments (3, 3)
INFO:root:2020-09-12 11:42:02.318693 : Running "add" with arguments (3, 3)
INFO:root:2020-09-12 11:42:02.318693 : Running "add" with arguments (3, 3)
INFO:root:2020-09-12 11:42:02.318693 : Running "add" with arguments (3, 3)
INFO:root:2020-09-12 11:42:02.318693 : Running "add" with arguments (3, 3)
INFO:root:2020-09-12 11:42:02.318693 : Running "add" with arguments (3, 3)
INFO:root:2020-09-12 11:42:02.318693 : Running "add" with arguments (3, 3)
INFO:root:2020-09-12 11:42:02.318693 : Running "add" with arguments (3, 3)
INFO:root:2020-09-12 11:42:02.318693 : Running "add" with arguments (3, 3)
INFO:root:2020-09-12 11:42:02.319696 : Running "add" with arguments (3, 3)
INFO:root:2020-09-12 11:42:02.319696 : Running "add" with arguments (3, 3)
INFO:root:2020-09-12 11:42:02.319696 : Running "add" with arguments (3, 3)
INFO:root:2020-09-12 11:42:02.319696 : Running "add" with arguments (3, 3)
INFO:root:2020-09-12 11:42:02.319696 : Running "add" with arguments (3, 3)
INFO:root:2020-09-12 11:42:02.319696 : Running "add" with arguments (3, 3)
INFO:root:2020-09-12 11:42:02.319696 : Running "add" with arguments (3, 3)
INFO:root:2020-09-12 11:42:02.319696 : Running "add" with arguments (3, 3)
INFO:root:2020-09-12 11:42:02.319696 : Running "add" with arguments (3, 3)
INFO:root:2020-09-12 11:42:02.319696 : Running "add" with arguments (3, 3)
INFO:root:2020-09-12 11:42:02.320721 : Running "add" with arguments (3, 3)
INFO:root:2020-09-12 11:42:02.320721 : Running "add" with arguments (3, 3)
INFO:root:2020-09-12 11:42:02.320721 : Running "add" with arguments (3, 3)
INFO:root:2020-09-12 11:42:02.320721 : Running "add" with arguments (3, 3)
INFO:root:2020-09-12 11:42:02.320721 : Running "add" with arguments (3, 3)
INFO:root:2020-09-12 11:42:02.320721 : Running "add" with arguments (3, 3)
INFO:root:2020-09-12 11:42:02.320721 : Running "add" with arguments (3, 3)
INFO:root:2020-09-12 11:42:02.320721 : Running "add" with arguments (3, 3)
INFO:root:2020-09-12 11:42:02.320721 : Running "add" with arguments (3, 3)
INFO:root:2020-09-12 11:42:02.321727 : Running "add" with arguments (3, 3)
INFO:root:2020-09-12 11:42:02.321727 : Running "add" with arguments (3, 3)
INFO:root:2020-09-12 11:42:02.321727 : Running "add" with arguments (3, 3)
INFO:root:2020-09-12 11:42:02.321727 : Running "add" with arguments (3, 3)
INFO:root:2020-09-12 11:42:02.321727 : Running "add" with arguments (3, 3)
INFO:root:2020-09-12 11:42:02.321727 : Running "add" with arguments (3, 3)
INFO:root:2020-09-12 11:42:02.321727 : Running "add" with arguments (3, 3)
INFO:root:2020-09-12 11:42:02.321727 : Running "add" with arguments (3, 3)
INFO:root:2020-09-12 11:42:02.321727 : Running "add" with arguments (3, 3)
INFO:root:2020-09-12 11:42:02.321727 : Running "add" with arguments (3, 3)
INFO:root:2020-09-12 11:42:02.322750 : Running "add" with arguments (3, 3)
INFO:root:2020-09-12 11:42:02.322750 : Running "add" with arguments (3, 3)
INFO:root:2020-09-12 11:42:02.322750 : Running "add" with arguments (3, 3)
INFO:root:2020-09-12 11:42:02.322750 : Running "add" with arguments (3, 3)
INFO:root:2020-09-12 11:42:02.322750 : Running "add" with arguments (3, 3)
INFO:root:2020-09-12 11:42:02.322750 : Running "add" with arguments (3, 3)
INFO:root:2020-09-12 11:42:02.322750 : Running "add" with arguments (3, 3)
INFO:root:2020-09-12 11:42:02.322750 : Running "add" with arguments (3, 3)
INFO:root:2020-09-12 11:42:02.322750 : Running "add" with arguments (3, 3)
INFO:root:2020-09-12 11:42:02.323784 : Running "add" with arguments (3, 3)
INFO:root:2020-09-12 11:42:02.323784 : Running "add" with arguments (3, 3)
INFO:root:2020-09-12 11:42:02.323784 : Running "add" with arguments (3, 3)
INFO:root:2020-09-12 11:42:02.323784 : Running "add" with arguments (3, 3)
INFO:root:2020-09-12 11:42:02.323784 : Running "add" with arguments (3, 3)
INFO:root:2020-09-12 11:42:02.323784 : Running "add" with arguments (3, 3)
INFO:root:2020-09-12 11:42:02.323784 : Running "add" with arguments (3, 3)
INFO:root:2020-09-12 11:42:02.323784 : Running "add" with arguments (3, 3)
INFO:root:2020-09-12 11:42:02.323784 : Running "add" with arguments (3, 3)
INFO:root:2020-09-12 11:42:02.323784 : Running "add" with arguments (3, 3)
INFO:root:2020-09-12 11:42:02.324808 : Running "add" with arguments (3, 3)
INFO:root:2020-09-12 11:42:02.324808 : Running "add" with arguments (3, 3)
INFO:root:2020-09-12 11:42:02.324808 : Running "add" with arguments (3, 3)
INFO:root:2020-09-12 11:42:02.324808 : Running "add" with arguments (3, 3)
INFO:root:2020-09-12 11:42:02.324808 : Running "add" with arguments (3, 3)
INFO:root:2020-09-12 11:42:02.324808 : Running "add" with arguments (3, 3)
INFO:root:2020-09-12 11:42:02.324808 : Running "add" with arguments (3, 3)
INFO:root:2020-09-12 11:42:02.324808 : Running "add" with arguments (3, 3)
INFO:root:2020-09-12 11:42:02.324808 : Running "add" with arguments (3, 3)
INFO:root:2020-09-12 11:42:02.325805 : Running "add" with arguments (3, 3)
INFO:root:2020-09-12 11:42:02.325805 : Running "add" with arguments (3, 3)
INFO:root:2020-09-12 11:42:02.325805 : Running "add" with arguments (3, 3)
INFO:root:2020-09-12 11:42:02.325805 : Running "add" with arguments (3, 3)
INFO:root:2020-09-12 11:42:02.325805 : Running "add" with arguments (3, 3)
INFO:root:2020-09-12 11:42:02.325805 : Running "add" with arguments (3, 3)
INFO:root:2020-09-12 11:42:02.325805 : Running "add" with arguments (3, 3)
INFO:root:2020-09-12 11:42:02.325805 : Running "add" with arguments (3, 3)
INFO:root:2020-09-12 11:42:02.325805 : Running "add" with arguments (3, 3)
INFO:root:2020-09-12 11:42:02.326774 : Running "add" with arguments (3, 3)
INFO:root:2020-09-12 11:42:02.326774 : Running "add" with arguments (3, 3)
INFO:root:2020-09-12 11:42:02.326774 : Running "add" with arguments (3, 3)
INFO:root:2020-09-12 11:42:02.326774 : Running "add" with arguments (3, 3)
INFO:root:2020-09-12 11:42:02.326774 : Running "add" with arguments (3, 3)
INFO:root:2020-09-12 11:42:02.326774 : Running "add" with arguments (3, 3)
INFO:root:2020-09-12 11:42:02.326774 : Running "add" with arguments (3, 3)
INFO:root:2020-09-12 11:42:02.326774 : Running "add" with arguments (3, 3)
INFO:root:2020-09-12 11:42:02.326774 : Running "add" with arguments (3, 3)
INFO:root:2020-09-12 11:42:02.327808 : Running "add" with arguments (3, 3)
INFO:root:2020-09-12 11:42:02.327808 : Running "add" with arguments (3, 3)
INFO:root:2020-09-12 11:42:02.327808 : Running "add" with arguments (3, 3)
INFO:root:2020-09-12 11:42:02.327808 : Running "add" with arguments (3, 3)
INFO:root:2020-09-12 11:42:02.327808 : Running "add" with arguments (3, 3)
INFO:root:2020-09-12 11:42:02.327808 : Running "add" with arguments (3, 3)
INFO:root:2020-09-12 11:42:02.327808 : Running "add" with arguments (3, 3)
INFO:root:2020-09-12 11:42:02.327808 : Running "add" with arguments (3, 3)
INFO:root:2020-09-12 11:42:02.327808 : Running "add" with arguments (3, 3)
INFO:root:2020-09-12 11:42:02.328768 : Running "add" with arguments (3, 3)
INFO:root:2020-09-12 11:42:02.328768 : Running "add" with arguments (3, 3)
INFO:root:2020-09-12 11:42:02.328768 : Running "add" with arguments (3, 3)
INFO:root:2020-09-12 11:42:02.328768 : Running "add" with arguments (3, 3)
INFO:root:2020-09-12 11:42:02.328768 : Running "add" with arguments (3, 3)
INFO:root:2020-09-12 11:42:02.328768 : Running "add" with arguments (3, 3)
INFO:root:2020-09-12 11:42:02.328768 : Running "add" with arguments (3, 3)
INFO:root:2020-09-12 11:42:02.328768 : Running "add" with arguments (3, 3)
INFO:root:2020-09-12 11:42:02.328768 : Running "add" with arguments (3, 3)
INFO:root:2020-09-12 11:42:02.329765 : Running "add" with arguments (3, 3)
INFO:root:2020-09-12 11:42:02.329765 : Running "add" with arguments (3, 3)
INFO:root:2020-09-12 11:42:02.329765 : Running "add" with arguments (3, 3)
INFO:root:2020-09-12 11:42:02.329765 : Running "add" with arguments (3, 3)
INFO:root:2020-09-12 11:42:02.329765 : Running "add" with arguments (3, 3)
INFO:root:2020-09-12 11:42:02.329765 : Running "add" with arguments (3, 3)
INFO:root:2020-09-12 11:42:02.329765 : Running "add" with arguments (3, 3)
INFO:root:2020-09-12 11:42:02.329765 : Running "add" with arguments (3, 3)
INFO:root:2020-09-12 11:42:02.329765 : Running "add" with arguments (3, 3)
INFO:root:2020-09-12 11:42:02.329765 : Running "add" with arguments (3, 3)
INFO:root:2020-09-12 11:42:02.330762 : Running "add" with arguments (3, 3)
INFO:root:2020-09-12 11:42:02.330762 : Running "add" with arguments (3, 3)
INFO:root:2020-09-12 11:42:02.330762 : Running "add" with arguments (3, 3)
INFO:root:2020-09-12 11:42:02.330762 : Running "add" with arguments (3, 3)
INFO:root:2020-09-12 11:42:02.330762 : Running "add" with arguments (3, 3)
INFO:root:2020-09-12 11:42:02.330762 : Running "add" with arguments (3, 3)
INFO:root:2020-09-12 11:42:02.330762 : Running "add" with arguments (3, 3)
INFO:root:2020-09-12 11:42:02.330762 : Running "add" with arguments (3, 3)
INFO:root:2020-09-12 11:42:02.330762 : Running "add" with arguments (3, 3)
INFO:root:2020-09-12 11:42:02.330762 : Running "add" with arguments (3, 3)
INFO:root:2020-09-12 11:42:02.331786 : Running "add" with arguments (3, 3)
INFO:root:2020-09-12 11:42:02.331786 : Running "add" with arguments (3, 3)
INFO:root:2020-09-12 11:42:02.331786 : Running "add" with arguments (3, 3)
INFO:root:2020-09-12 11:42:02.332101 : Running "add" with arguments (3, 3)
INFO:root:2020-09-12 11:42:02.332101 : Running "add" with arguments (3, 3)
INFO:root:2020-09-12 11:42:02.332101 : Running "add" with arguments (3, 3)
INFO:root:2020-09-12 11:42:02.332101 : Running "add" with arguments (3, 3)
INFO:root:2020-09-12 11:42:02.332101 : Running "add" with arguments (3, 3)
INFO:root:2020-09-12 11:42:02.332101 : Running "add" with arguments (3, 3)
INFO:root:2020-09-12 11:42:02.332785 : Running "add" with arguments (3, 3)
INFO:root:2020-09-12 11:42:02.332785 : Running "add" with arguments (3, 3)
INFO:root:2020-09-12 11:42:02.332785 : Running "add" with arguments (3, 3)
INFO:root:2020-09-12 11:42:02.332785 : Running "add" with arguments (3, 3)
INFO:root:2020-09-12 11:42:02.332785 : Running "add" with arguments (3, 3)
INFO:root:2020-09-12 11:42:02.332785 : Running "add" with arguments (3, 3)
INFO:root:2020-09-12 11:42:02.332785 : Running "add" with arguments (3, 3)
INFO:root:2020-09-12 11:42:02.332785 : Running "add" with arguments (3, 3)
INFO:root:2020-09-12 11:42:02.332785 : Running "add" with arguments (3, 3)
INFO:root:2020-09-12 11:42:02.332785 : Running "add" with arguments (3, 3)
INFO:root:2020-09-12 11:42:02.333837 : Running "add" with arguments (3, 3)
INFO:root:2020-09-12 11:42:02.333837 : Running "add" with arguments (3, 3)
INFO:root:2020-09-12 11:42:02.333837 : Running "add" with arguments (3, 3)
INFO:root:2020-09-12 11:42:02.333837 : Running "add" with arguments (3, 3)
INFO:root:2020-09-12 11:42:02.333837 : Running "add" with arguments (3, 3)
INFO:root:2020-09-12 11:42:02.333837 : Running "add" with arguments (3, 3)
INFO:root:2020-09-12 11:42:02.333837 : Running "add" with arguments (3, 3)
INFO:root:2020-09-12 11:42:02.333837 : Running "add" with arguments (3, 3)
INFO:root:2020-09-12 11:42:02.333837 : Running "add" with arguments (3, 3)
INFO:root:2020-09-12 11:42:02.333837 : Running "add" with arguments (3, 3)
INFO:root:2020-09-12 11:42:02.334802 : Running "add" with arguments (3, 3)
INFO:root:2020-09-12 11:42:02.334802 : Running "add" with arguments (3, 3)
INFO:root:2020-09-12 11:42:02.334802 : Running "add" with arguments (3, 3)
INFO:root:2020-09-12 11:42:02.334802 : Running "add" with arguments (3, 3)
INFO:root:2020-09-12 11:42:02.334802 : Running "add" with arguments (3, 3)
INFO:root:2020-09-12 11:42:02.334802 : Running "add" with arguments (3, 3)
INFO:root:2020-09-12 11:42:02.334802 : Running "add" with arguments (3, 3)
INFO:root:2020-09-12 11:42:02.334802 : Running "add" with arguments (3, 3)
INFO:root:2020-09-12 11:42:02.334802 : Running "add" with arguments (3, 3)
INFO:root:2020-09-12 11:42:02.335799 : Running "add" with arguments (3, 3)
INFO:root:2020-09-12 11:42:02.335799 : Running "add" with arguments (3, 3)
INFO:root:2020-09-12 11:42:02.335799 : Running "add" with arguments (3, 3)
INFO:root:2020-09-12 11:42:02.335799 : Running "add" with arguments (3, 3)
INFO:root:2020-09-12 11:42:02.335799 : Running "add" with arguments (3, 3)
INFO:root:2020-09-12 11:42:02.335799 : Running "add" with arguments (3, 3)
INFO:root:2020-09-12 11:42:02.335799 : Running "add" with arguments (3, 3)
INFO:root:2020-09-12 11:42:02.335799 : Running "add" with arguments (3, 3)
INFO:root:2020-09-12 11:42:02.335799 : Running "add" with arguments (3, 3)
INFO:root:2020-09-12 11:42:02.335799 : Running "add" with arguments (3, 3)
INFO:root:2020-09-12 11:42:02.336795 : Running "add" with arguments (3, 3)
INFO:root:2020-09-12 11:42:02.336795 : Running "add" with arguments (3, 3)
INFO:root:2020-09-12 11:42:02.336795 : Running "add" with arguments (3, 3)
INFO:root:2020-09-12 11:42:02.336795 : Running "add" with arguments (3, 3)
INFO:root:2020-09-12 11:42:02.336795 : Running "add" with arguments (3, 3)
INFO:root:2020-09-12 11:42:02.336795 : Running "add" with arguments (3, 3)
INFO:root:2020-09-12 11:42:02.336795 : Running "add" with arguments (3, 3)
INFO:root:2020-09-12 11:42:02.336795 : Running "add" with arguments (3, 3)
INFO:root:2020-09-12 11:42:02.336795 : Running "add" with arguments (3, 3)
INFO:root:2020-09-12 11:42:02.336795 : Running "add" with arguments (3, 3)
INFO:root:2020-09-12 11:42:02.337770 : Running "add" with arguments (3, 3)
INFO:root:2020-09-12 11:42:02.337770 : Running "add" with arguments (3, 3)
INFO:root:2020-09-12 11:42:02.337770 : Running "add" with arguments (3, 3)
INFO:root:2020-09-12 11:42:02.337770 : Running "add" with arguments (3, 3)
INFO:root:2020-09-12 11:42:02.337770 : Running "add" with arguments (3, 3)
INFO:root:2020-09-12 11:42:02.337770 : Running "add" with arguments (3, 3)
INFO:root:2020-09-12 11:42:02.337770 : Running "add" with arguments (3, 3)
INFO:root:2020-09-12 11:42:02.337770 : Running "add" with arguments (3, 3)
INFO:root:2020-09-12 11:42:02.337770 : Running "add" with arguments (3, 3)
INFO:root:2020-09-12 11:42:02.338767 : Running "add" with arguments (3, 3)
INFO:root:2020-09-12 11:42:02.338767 : Running "add" with arguments (3, 3)
INFO:root:2020-09-12 11:42:02.338767 : Running "add" with arguments (3, 3)
INFO:root:2020-09-12 11:42:02.338767 : Running "add" with arguments (3, 3)
INFO:root:2020-09-12 11:42:02.338767 : Running "add" with arguments (3, 3)
INFO:root:2020-09-12 11:42:02.338767 : Running "add" with arguments (3, 3)
INFO:root:2020-09-12 11:42:02.338767 : Running "add" with arguments (3, 3)
INFO:root:2020-09-12 11:42:02.338767 : Running "add" with arguments (3, 3)
INFO:root:2020-09-12 11:42:02.338767 : Running "add" with arguments (3, 3)
INFO:root:2020-09-12 11:42:02.338767 : Running "add" with arguments (3, 3)
INFO:root:2020-09-12 11:42:02.339792 : Running "add" with arguments (3, 3)
INFO:root:2020-09-12 11:42:02.339792 : Running "add" with arguments (3, 3)
INFO:root:2020-09-12 11:42:02.339792 : Running "add" with arguments (3, 3)
INFO:root:2020-09-12 11:42:02.339792 : Running "add" with arguments (3, 3)
INFO:root:2020-09-12 11:42:02.339792 : Running "add" with arguments (3, 3)
INFO:root:2020-09-12 11:42:02.339792 : Running "add" with arguments (3, 3)
INFO:root:2020-09-12 11:42:02.339792 : Running "add" with arguments (3, 3)
INFO:root:2020-09-12 11:42:02.339792 : Running "add" with arguments (3, 3)
INFO:root:2020-09-12 11:42:02.339792 : Running "add" with arguments (3, 3)
INFO:root:2020-09-12 11:42:02.339792 : Running "add" with arguments (3, 3)
INFO:root:2020-09-12 11:42:02.340789 : Running "add" with arguments (3, 3)
INFO:root:2020-09-12 11:42:02.340789 : Running "add" with arguments (3, 3)
INFO:root:2020-09-12 11:42:02.340789 : Running "add" with arguments (3, 3)
INFO:root:2020-09-12 11:42:02.340789 : Running "add" with arguments (3, 3)
INFO:root:2020-09-12 11:42:02.340789 : Running "add" with arguments (3, 3)
INFO:root:2020-09-12 11:42:02.340789 : Running "add" with arguments (3, 3)
INFO:root:2020-09-12 11:42:02.340789 : Running "add" with arguments (3, 3)
INFO:root:2020-09-12 11:42:02.340789 : Running "add" with arguments (3, 3)
INFO:root:2020-09-12 11:42:02.340789 : Running "add" with arguments (3, 3)
INFO:root:2020-09-12 11:42:02.340789 : Running "add" with arguments (3, 3)
INFO:root:2020-09-12 11:42:02.341786 : Running "add" with arguments (3, 3)
INFO:root:2020-09-12 11:42:02.341786 : Running "add" with arguments (3, 3)
INFO:root:2020-09-12 11:42:02.341786 : Running "add" with arguments (3, 3)
INFO:root:2020-09-12 11:42:02.341786 : Running "add" with arguments (3, 3)
INFO:root:2020-09-12 11:42:02.341786 : Running "add" with arguments (3, 3)
INFO:root:2020-09-12 11:42:02.341786 : Running "add" with arguments (3, 3)
INFO:root:2020-09-12 11:42:02.341786 : Running "add" with arguments (3, 3)
INFO:root:2020-09-12 11:42:02.341786 : Running "add" with arguments (3, 3)
INFO:root:2020-09-12 11:42:02.341786 : Running "add" with arguments (3, 3)
INFO:root:2020-09-12 11:42:02.342783 : Running "add" with arguments (3, 3)
INFO:root:2020-09-12 11:42:02.342783 : Running "add" with arguments (3, 3)
INFO:root:2020-09-12 11:42:02.342783 : Running "add" with arguments (3, 3)
INFO:root:2020-09-12 11:42:02.342783 : Running "add" with arguments (3, 3)
INFO:root:2020-09-12 11:42:02.342783 : Running "add" with arguments (3, 3)
INFO:root:2020-09-12 11:42:02.342783 : Running "add" with arguments (3, 3)
INFO:root:2020-09-12 11:42:02.342783 : Running "add" with arguments (3, 3)
INFO:root:2020-09-12 11:42:02.342783 : Running "add" with arguments (3, 3)
INFO:root:2020-09-12 11:42:02.342783 : Running "add" with arguments (3, 3)
INFO:root:2020-09-12 11:42:02.343783 : Running "add" with arguments (3, 3)
INFO:root:2020-09-12 11:42:02.343783 : Running "add" with arguments (3, 3)
INFO:root:2020-09-12 11:42:02.343783 : Running "add" with arguments (3, 3)
INFO:root:2020-09-12 11:42:02.343783 : Running "add" with arguments (3, 3)
INFO:root:2020-09-12 11:42:02.343783 : Running "add" with arguments (3, 3)
INFO:root:2020-09-12 11:42:02.343783 : Running "add" with arguments (3, 3)
INFO:root:2020-09-12 11:42:02.343783 : Running "add" with arguments (3, 3)
INFO:root:2020-09-12 11:42:02.343783 : Running "add" with arguments (3, 3)
INFO:root:2020-09-12 11:42:02.343783 : Running "add" with arguments (3, 3)
INFO:root:2020-09-12 11:42:02.344779 : Running "add" with arguments (3, 3)
INFO:root:2020-09-12 11:42:02.344779 : Running "add" with arguments (3, 3)
INFO:root:2020-09-12 11:42:02.344779 : Running "add" with arguments (3, 3)
INFO:root:2020-09-12 11:42:02.344779 : Running "add" with arguments (3, 3)
INFO:root:2020-09-12 11:42:02.344779 : Running "add" with arguments (3, 3)
INFO:root:2020-09-12 11:42:02.344779 : Running "add" with arguments (3, 3)
INFO:root:2020-09-12 11:42:02.344779 : Running "add" with arguments (3, 3)
INFO:root:2020-09-12 11:42:02.344779 : Running "add" with arguments (3, 3)
INFO:root:2020-09-12 11:42:02.344779 : Running "add" with arguments (3, 3)
INFO:root:2020-09-12 11:42:02.344779 : Running "add" with arguments (3, 3)
INFO:root:2020-09-12 11:42:02.345778 : Running "add" with arguments (3, 3)
INFO:root:2020-09-12 11:42:02.345778 : Running "add" with arguments (3, 3)
INFO:root:2020-09-12 11:42:02.345778 : Running "add" with arguments (3, 3)
INFO:root:2020-09-12 11:42:02.345778 : Running "add" with arguments (3, 3)
INFO:root:2020-09-12 11:42:02.345778 : Running "add" with arguments (3, 3)
INFO:root:2020-09-12 11:42:02.345778 : Running "add" with arguments (3, 3)
INFO:root:2020-09-12 11:42:02.345778 : Running "add" with arguments (3, 3)
INFO:root:2020-09-12 11:42:02.345778 : Running "add" with arguments (3, 3)
INFO:root:2020-09-12 11:42:02.345778 : Running "add" with arguments (3, 3)
INFO:root:2020-09-12 11:42:02.345778 : Running "add" with arguments (3, 3)
INFO:root:2020-09-12 11:42:02.346773 : Running "add" with arguments (3, 3)
INFO:root:2020-09-12 11:42:02.346773 : Running "add" with arguments (3, 3)
INFO:root:2020-09-12 11:42:02.346773 : Running "add" with arguments (3, 3)
INFO:root:2020-09-12 11:42:02.346773 : Running "add" with arguments (3, 3)
INFO:root:2020-09-12 11:42:02.346773 : Running "add" with arguments (3, 3)
INFO:root:2020-09-12 11:42:02.346773 : Running "add" with arguments (3, 3)
INFO:root:2020-09-12 11:42:02.346773 : Running "add" with arguments (3, 3)
INFO:root:2020-09-12 11:42:02.346773 : Running "add" with arguments (3, 3)
INFO:root:2020-09-12 11:42:02.346773 : Running "add" with arguments (3, 3)
INFO:root:2020-09-12 11:42:02.347770 : Running "add" with arguments (3, 3)
INFO:root:2020-09-12 11:42:02.347770 : Running "add" with arguments (3, 3)
INFO:root:2020-09-12 11:42:02.347770 : Running "add" with arguments (3, 3)
INFO:root:2020-09-12 11:42:02.347770 : Running "add" with arguments (3, 3)
INFO:root:2020-09-12 11:42:02.347770 : Running "add" with arguments (3, 3)
INFO:root:2020-09-12 11:42:02.347770 : Running "add" with arguments (3, 3)
INFO:root:2020-09-12 11:42:02.347770 : Running "add" with arguments (3, 3)
INFO:root:2020-09-12 11:42:02.347770 : Running "add" with arguments (3, 3)
INFO:root:2020-09-12 11:42:02.347770 : Running "add" with arguments (3, 3)
INFO:root:2020-09-12 11:42:02.347770 : Running "add" with arguments (3, 3)
INFO:root:2020-09-12 11:42:02.348767 : Running "add" with arguments (3, 3)
INFO:root:2020-09-12 11:42:02.348767 : Running "add" with arguments (3, 3)
INFO:root:2020-09-12 11:42:02.348767 : Running "add" with arguments (3, 3)
INFO:root:2020-09-12 11:42:02.348767 : Running "add" with arguments (3, 3)
INFO:root:2020-09-12 11:42:02.348767 : Running "add" with arguments (3, 3)
INFO:root:2020-09-12 11:42:02.348767 : Running "add" with arguments (3, 3)
INFO:root:2020-09-12 11:42:02.348767 : Running "add" with arguments (3, 3)
INFO:root:2020-09-12 11:42:02.348767 : Running "add" with arguments (3, 3)
INFO:root:2020-09-12 11:42:02.348767 : Running "add" with arguments (3, 3)
INFO:root:2020-09-12 11:42:02.348767 : Running "add" with arguments (3, 3)
INFO:root:2020-09-12 11:42:02.349765 : Running "add" with arguments (3, 3)
INFO:root:2020-09-12 11:42:02.349765 : Running "add" with arguments (3, 3)
INFO:root:2020-09-12 11:42:02.349765 : Running "add" with arguments (3, 3)
INFO:root:2020-09-12 11:42:02.349765 : Running "add" with arguments (3, 3)
INFO:root:2020-09-12 11:42:02.349765 : Running "add" with arguments (3, 3)
INFO:root:2020-09-12 11:42:02.349765 : Running "add" with arguments (3, 3)
INFO:root:2020-09-12 11:42:02.349765 : Running "add" with arguments (3, 3)
INFO:root:2020-09-12 11:42:02.349765 : Running "add" with arguments (3, 3)
INFO:root:2020-09-12 11:42:02.349765 : Running "add" with arguments (3, 3)
INFO:root:2020-09-12 11:42:02.350762 : Running "add" with arguments (3, 3)
INFO:root:2020-09-12 11:42:02.350762 : Running "add" with arguments (3, 3)
INFO:root:2020-09-12 11:42:02.350762 : Running "add" with arguments (3, 3)
INFO:root:2020-09-12 11:42:02.350762 : Running "add" with arguments (3, 3)
INFO:root:2020-09-12 11:42:02.350762 : Running "add" with arguments (3, 3)
INFO:root:2020-09-12 11:42:02.350762 : Running "add" with arguments (3, 3)
INFO:root:2020-09-12 11:42:02.350762 : Running "add" with arguments (3, 3)
INFO:root:2020-09-12 11:42:02.350762 : Running "add" with arguments (3, 3)
INFO:root:2020-09-12 11:42:02.350762 : Running "add" with arguments (3, 3)
INFO:root:2020-09-12 11:42:02.351734 : Running "add" with arguments (3, 3)
INFO:root:2020-09-12 11:42:02.351734 : Running "add" with arguments (3, 3)
INFO:root:2020-09-12 11:42:02.351734 : Running "add" with arguments (3, 3)
INFO:root:2020-09-12 11:42:02.351734 : Running "add" with arguments (3, 3)
INFO:root:2020-09-12 11:42:02.351734 : Running "add" with arguments (3, 3)
INFO:root:2020-09-12 11:42:02.351734 : Running "add" with arguments (3, 3)
INFO:root:2020-09-12 11:42:02.351734 : Running "add" with arguments (3, 3)
INFO:root:2020-09-12 11:42:02.351734 : Running "add" with arguments (3, 3)
INFO:root:2020-09-12 11:42:02.351734 : Running "add" with arguments (3, 3)
INFO:root:2020-09-12 11:42:02.351734 : Running "add" with arguments (3, 3)
INFO:root:2020-09-12 11:42:02.352757 : Running "add" with arguments (3, 3)
INFO:root:2020-09-12 11:42:02.352757 : Running "add" with arguments (3, 3)
INFO:root:2020-09-12 11:42:02.352757 : Running "add" with arguments (3, 3)
INFO:root:2020-09-12 11:42:02.352757 : Running "add" with arguments (3, 3)
INFO:root:2020-09-12 11:42:02.352757 : Running "add" with arguments (3, 3)
INFO:root:2020-09-12 11:42:02.352757 : Running "add" with arguments (3, 3)
INFO:root:2020-09-12 11:42:02.352757 : Running "add" with arguments (3, 3)
INFO:root:2020-09-12 11:42:02.352757 : Running "add" with arguments (3, 3)
INFO:root:2020-09-12 11:42:02.352757 : Running "add" with arguments (3, 3)
INFO:root:2020-09-12 11:42:02.352757 : Running "add" with arguments (3, 3)
INFO:root:2020-09-12 11:42:02.353754 : Running "add" with arguments (3, 3)
INFO:root:2020-09-12 11:42:02.353754 : Running "add" with arguments (3, 3)
INFO:root:2020-09-12 11:42:02.353754 : Running "add" with arguments (3, 3)
INFO:root:2020-09-12 11:42:02.353754 : Running "add" with arguments (3, 3)
INFO:root:2020-09-12 11:42:02.353754 : Running "add" with arguments (3, 3)
INFO:root:2020-09-12 11:42:02.353754 : Running "add" with arguments (3, 3)
INFO:root:2020-09-12 11:42:02.353754 : Running "add" with arguments (3, 3)
INFO:root:2020-09-12 11:42:02.353754 : Running "add" with arguments (3, 3)
INFO:root:2020-09-12 11:42:02.353754 : Running "add" with arguments (3, 3)
INFO:root:2020-09-12 11:42:02.354752 : Running "add" with arguments (3, 3)
INFO:root:2020-09-12 11:42:02.354752 : Running "add" with arguments (3, 3)
INFO:root:2020-09-12 11:42:02.354752 : Running "add" with arguments (3, 3)
INFO:root:2020-09-12 11:42:02.354752 : Running "add" with arguments (3, 3)
INFO:root:2020-09-12 11:42:02.354752 : Running "add" with arguments (3, 3)
INFO:root:2020-09-12 11:42:02.354752 : Running "add" with arguments (3, 3)
INFO:root:2020-09-12 11:42:02.354752 : Running "add" with arguments (3, 3)
INFO:root:2020-09-12 11:42:02.354752 : Running "add" with arguments (3, 3)
INFO:root:2020-09-12 11:42:02.354752 : Running "add" with arguments (3, 3)
INFO:root:2020-09-12 11:42:02.354752 : Running "add" with arguments (3, 3)
INFO:root:2020-09-12 11:42:02.355749 : Running "add" with arguments (3, 3)
INFO:root:2020-09-12 11:42:02.355749 : Running "add" with arguments (3, 3)
INFO:root:2020-09-12 11:42:02.355749 : Running "add" with arguments (3, 3)
INFO:root:2020-09-12 11:42:02.355749 : Running "add" with arguments (3, 3)
INFO:root:2020-09-12 11:42:02.355749 : Running "add" with arguments (3, 3)
INFO:root:2020-09-12 11:42:02.355749 : Running "add" with arguments (3, 3)
INFO:root:2020-09-12 11:42:02.355749 : Running "add" with arguments (3, 3)
INFO:root:2020-09-12 11:42:02.355749 : Running "add" with arguments (3, 3)
INFO:root:2020-09-12 11:42:02.355749 : Running "add" with arguments (3, 3)
INFO:root:2020-09-12 11:42:02.355749 : Running "add" with arguments (3, 3)
INFO:root:2020-09-12 11:42:02.356751 : Running "add" with arguments (3, 3)
INFO:root:2020-09-12 11:42:02.356751 : Running "add" with arguments (3, 3)
INFO:root:2020-09-12 11:42:02.356751 : Running "add" with arguments (3, 3)
INFO:root:2020-09-12 11:42:02.356751 : Running "add" with arguments (3, 3)
INFO:root:2020-09-12 11:42:02.356751 : Running "add" with arguments (3, 3)
INFO:root:2020-09-12 11:42:02.356751 : Running "add" with arguments (3, 3)
INFO:root:2020-09-12 11:42:02.356751 : Running "add" with arguments (3, 3)
INFO:root:2020-09-12 11:42:02.356751 : Running "add" with arguments (3, 3)
INFO:root:2020-09-12 11:42:02.356751 : Running "add" with arguments (3, 3)
INFO:root:2020-09-12 11:42:02.357744 : Running "add" with arguments (3, 3)
INFO:root:2020-09-12 11:42:02.357744 : Running "add" with arguments (3, 3)
INFO:root:2020-09-12 11:42:02.357744 : Running "add" with arguments (3, 3)
INFO:root:2020-09-12 11:42:02.357744 : Running "add" with arguments (3, 3)
INFO:root:2020-09-12 11:42:02.357744 : Running "add" with arguments (3, 3)
INFO:root:2020-09-12 11:42:02.357744 : Running "add" with arguments (3, 3)
INFO:root:2020-09-12 11:42:02.358716 : Running "add" with arguments (3, 3)
INFO:root:2020-09-12 11:42:02.358716 : Running "add" with arguments (3, 3)
INFO:root:2020-09-12 11:42:02.358716 : Running "add" with arguments (3, 3)
INFO:root:2020-09-12 11:42:02.358716 : Running "add" with arguments (3, 3)
INFO:root:2020-09-12 11:42:02.358716 : Running "add" with arguments (3, 3)
INFO:root:2020-09-12 11:42:02.358716 : Running "add" with arguments (3, 3)
INFO:root:2020-09-12 11:42:02.358716 : Running "add" with arguments (3, 3)
INFO:root:2020-09-12 11:42:02.358716 : Running "add" with arguments (3, 3)
INFO:root:2020-09-12 11:42:02.358716 : Running "add" with arguments (3, 3)
INFO:root:2020-09-12 11:42:02.358716 : Running "add" with arguments (3, 3)
INFO:root:2020-09-12 11:42:02.359738 : Running "add" with arguments (3, 3)
INFO:root:2020-09-12 11:42:02.359738 : Running "add" with arguments (3, 3)
INFO:root:2020-09-12 11:42:02.359738 : Running "add" with arguments (3, 3)
INFO:root:2020-09-12 11:42:02.359738 : Running "add" with arguments (3, 3)
INFO:root:2020-09-12 11:42:02.359738 : Running "add" with arguments (3, 3)
INFO:root:2020-09-12 11:42:02.359738 : Running "add" with arguments (3, 3)
INFO:root:2020-09-12 11:42:02.359738 : Running "add" with arguments (3, 3)
INFO:root:2020-09-12 11:42:02.359738 : Running "add" with arguments (3, 3)
INFO:root:2020-09-12 11:42:02.359738 : Running "add" with arguments (3, 3)
INFO:root:2020-09-12 11:42:02.360735 : Running "add" with arguments (3, 3)
INFO:root:2020-09-12 11:42:02.360735 : Running "add" with arguments (3, 3)
INFO:root:2020-09-12 11:42:02.360735 : Running "add" with arguments (3, 3)
INFO:root:2020-09-12 11:42:02.360735 : Running "add" with arguments (3, 3)
INFO:root:2020-09-12 11:42:02.360735 : Running "add" with arguments (3, 3)
INFO:root:2020-09-12 11:42:02.360735 : Running "add" with arguments (3, 3)
INFO:root:2020-09-12 11:42:02.360735 : Running "add" with arguments (3, 3)
INFO:root:2020-09-12 11:42:02.360735 : Running "add" with arguments (3, 3)
INFO:root:2020-09-12 11:42:02.360735 : Running "add" with arguments (3, 3)
INFO:root:2020-09-12 11:42:02.360735 : Running "add" with arguments (3, 3)
INFO:root:2020-09-12 11:42:02.361733 : Running "add" with arguments (3, 3)
INFO:root:2020-09-12 11:42:02.361733 : Running "add" with arguments (3, 3)
INFO:root:2020-09-12 11:42:02.361733 : Running "add" with arguments (3, 3)
INFO:root:2020-09-12 11:42:02.361733 : Running "add" with arguments (3, 3)
INFO:root:2020-09-12 11:42:02.361733 : Running "add" with arguments (3, 3)
INFO:root:2020-09-12 11:42:02.361733 : Running "add" with arguments (3, 3)
INFO:root:2020-09-12 11:42:02.361733 : Running "add" with arguments (3, 3)
INFO:root:2020-09-12 11:42:02.361733 : Running "add" with arguments (3, 3)
INFO:root:2020-09-12 11:42:02.361733 : Running "add" with arguments (3, 3)
INFO:root:2020-09-12 11:42:02.362731 : Running "add" with arguments (3, 3)
INFO:root:2020-09-12 11:42:02.362731 : Running "add" with arguments (3, 3)
INFO:root:2020-09-12 11:42:02.362731 : Running "add" with arguments (3, 3)
INFO:root:2020-09-12 11:42:02.362731 : Running "add" with arguments (3, 3)
INFO:root:2020-09-12 11:42:02.362731 : Running "add" with arguments (3, 3)
INFO:root:2020-09-12 11:42:02.362731 : Running "add" with arguments (3, 3)
INFO:root:2020-09-12 11:42:02.362731 : Running "add" with arguments (3, 3)
INFO:root:2020-09-12 11:42:02.362731 : Running "add" with arguments (3, 3)
INFO:root:2020-09-12 11:42:02.362731 : Running "add" with arguments (3, 3)
INFO:root:2020-09-12 11:42:02.362731 : Running "add" with arguments (3, 3)
INFO:root:2020-09-12 11:42:02.363728 : Running "add" with arguments (3, 3)
INFO:root:2020-09-12 11:42:02.363728 : Running "add" with arguments (3, 3)
INFO:root:2020-09-12 11:42:02.363728 : Running "add" with arguments (3, 3)
INFO:root:2020-09-12 11:42:02.363728 : Running "add" with arguments (3, 3)
INFO:root:2020-09-12 11:42:02.363728 : Running "add" with arguments (3, 3)
INFO:root:2020-09-12 11:42:02.363728 : Running "add" with arguments (3, 3)
INFO:root:2020-09-12 11:42:02.363728 : Running "add" with arguments (3, 3)
INFO:root:2020-09-12 11:42:02.363728 : Running "add" with arguments (3, 3)
INFO:root:2020-09-12 11:42:02.363728 : Running "add" with arguments (3, 3)
INFO:root:2020-09-12 11:42:02.364698 : Running "add" with arguments (3, 3)
INFO:root:2020-09-12 11:42:02.364698 : Running "add" with arguments (3, 3)
INFO:root:2020-09-12 11:42:02.364698 : Running "add" with arguments (3, 3)
INFO:root:2020-09-12 11:42:02.364698 : Running "add" with arguments (3, 3)
INFO:root:2020-09-12 11:42:02.364698 : Running "add" with arguments (3, 3)
INFO:root:2020-09-12 11:42:02.364698 : Running "add" with arguments (3, 3)
INFO:root:2020-09-12 11:42:02.364698 : Running "add" with arguments (3, 3)
INFO:root:2020-09-12 11:42:02.364698 : Running "add" with arguments (3, 3)
INFO:root:2020-09-12 11:42:02.364698 : Running "add" with arguments (3, 3)
INFO:root:2020-09-12 11:42:02.364698 : Running "add" with arguments (3, 3)
INFO:root:2020-09-12 11:42:02.365697 : Running "add" with arguments (3, 3)
INFO:root:2020-09-12 11:42:02.365697 : Running "add" with arguments (3, 3)
INFO:root:2020-09-12 11:42:02.365697 : Running "add" with arguments (3, 3)
INFO:root:2020-09-12 11:42:02.365697 : Running "add" with arguments (3, 3)
INFO:root:2020-09-12 11:42:02.365697 : Running "add" with arguments (3, 3)
INFO:root:2020-09-12 11:42:02.365697 : Running "add" with arguments (3, 3)
INFO:root:2020-09-12 11:42:02.365697 : Running "add" with arguments (3, 3)
INFO:root:2020-09-12 11:42:02.365697 : Running "add" with arguments (3, 3)
INFO:root:2020-09-12 11:42:02.365697 : Running "add" with arguments (3, 3)
INFO:root:2020-09-12 11:42:02.366719 : Running "add" with arguments (3, 3)
INFO:root:2020-09-12 11:42:02.366719 : Running "add" with arguments (3, 3)
INFO:root:2020-09-12 11:42:02.366719 : Running "add" with arguments (3, 3)
INFO:root:2020-09-12 11:42:02.366719 : Running "add" with arguments (3, 3)
INFO:root:2020-09-12 11:42:02.366719 : Running "add" with arguments (3, 3)
INFO:root:2020-09-12 11:42:02.366719 : Running "add" with arguments (3, 3)
INFO:root:2020-09-12 11:42:02.366719 : Running "add" with arguments (3, 3)
INFO:root:2020-09-12 11:42:02.366719 : Running "add" with arguments (3, 3)
INFO:root:2020-09-12 11:42:02.366719 : Running "add" with arguments (3, 3)
INFO:root:2020-09-12 11:42:02.366719 : Running "add" with arguments (3, 3)
INFO:root:2020-09-12 11:42:02.367717 : Running "add" with arguments (3, 3)
INFO:root:2020-09-12 11:42:02.367717 : Running "add" with arguments (3, 3)
INFO:root:2020-09-12 11:42:02.367717 : Running "add" with arguments (3, 3)
INFO:root:2020-09-12 11:42:02.367717 : Running "add" with arguments (3, 3)
INFO:root:2020-09-12 11:42:02.367717 : Running "add" with arguments (3, 3)
INFO:root:2020-09-12 11:42:02.367717 : Running "add" with arguments (3, 3)
INFO:root:2020-09-12 11:42:02.367717 : Running "add" with arguments (3, 3)
INFO:root:2020-09-12 11:42:02.367717 : Running "add" with arguments (3, 3)
INFO:root:2020-09-12 11:42:02.367717 : Running "add" with arguments (3, 3)
INFO:root:2020-09-12 11:42:02.367717 : Running "add" with arguments (3, 3)
INFO:root:2020-09-12 11:42:02.368715 : Running "add" with arguments (3, 3)
INFO:root:2020-09-12 11:42:02.368715 : Running "add" with arguments (3, 3)
INFO:root:2020-09-12 11:42:02.368715 : Running "add" with arguments (3, 3)
INFO:root:2020-09-12 11:42:02.368715 : Running "add" with arguments (3, 3)
INFO:root:2020-09-12 11:42:02.368715 : Running "add" with arguments (3, 3)
INFO:root:2020-09-12 11:42:02.368715 : Running "add" with arguments (3, 3)
INFO:root:2020-09-12 11:42:02.368715 : Running "add" with arguments (3, 3)
INFO:root:2020-09-12 11:42:02.368715 : Running "add" with arguments (3, 3)
INFO:root:2020-09-12 11:42:02.368715 : Running "add" with arguments (3, 3)
INFO:root:2020-09-12 11:42:02.369711 : Running "add" with arguments (3, 3)
INFO:root:2020-09-12 11:42:02.369711 : Running "add" with arguments (3, 3)
INFO:root:2020-09-12 11:42:02.369711 : Running "add" with arguments (3, 3)
INFO:root:2020-09-12 11:42:02.369711 : Running "add" with arguments (3, 3)
INFO:root:2020-09-12 11:42:02.369711 : Running "add" with arguments (3, 3)
INFO:root:2020-09-12 11:42:02.369711 : Running "add" with arguments (3, 3)
INFO:root:2020-09-12 11:42:02.369711 : Running "add" with arguments (3, 3)
INFO:root:2020-09-12 11:42:02.369711 : Running "add" with arguments (3, 3)
INFO:root:2020-09-12 11:42:02.369711 : Running "add" with arguments (3, 3)
INFO:root:2020-09-12 11:42:02.369711 : Running "add" with arguments (3, 3)
INFO:root:2020-09-12 11:42:02.370709 : Running "add" with arguments (3, 3)
INFO:root:2020-09-12 11:42:02.370709 : Running "add" with arguments (3, 3)
INFO:root:2020-09-12 11:42:02.370709 : Running "add" with arguments (3, 3)
INFO:root:2020-09-12 11:42:02.370709 : Running "add" with arguments (3, 3)
INFO:root:2020-09-12 11:42:02.370709 : Running "add" with arguments (3, 3)
INFO:root:2020-09-12 11:42:02.370709 : Running "add" with arguments (3, 3)
INFO:root:2020-09-12 11:42:02.370709 : Running "add" with arguments (3, 3)
INFO:root:2020-09-12 11:42:02.370709 : Running "add" with arguments (3, 3)
INFO:root:2020-09-12 11:42:02.370709 : Running "add" with arguments (3, 3)
INFO:root:2020-09-12 11:42:02.370709 : Running "add" with arguments (3, 3)
INFO:root:2020-09-12 11:42:02.371706 : Running "add" with arguments (3, 3)
INFO:root:2020-09-12 11:42:02.371706 : Running "add" with arguments (3, 3)
INFO:root:2020-09-12 11:42:02.371706 : Running "add" with arguments (3, 3)
INFO:root:2020-09-12 11:42:02.371706 : Running "add" with arguments (3, 3)
INFO:root:2020-09-12 11:42:02.371706 : Running "add" with arguments (3, 3)
INFO:root:2020-09-12 11:42:02.371706 : Running "add" with arguments (3, 3)
INFO:root:2020-09-12 11:42:02.371706 : Running "add" with arguments (3, 3)
INFO:root:2020-09-12 11:42:02.371706 : Running "add" with arguments (3, 3)
INFO:root:2020-09-12 11:42:02.371706 : Running "add" with arguments (3, 3)
INFO:root:2020-09-12 11:42:02.372703 : Running "add" with arguments (3, 3)
INFO:root:2020-09-12 11:42:02.372703 : Running "add" with arguments (3, 3)
INFO:root:2020-09-12 11:42:02.372703 : Running "add" with arguments (3, 3)
INFO:root:2020-09-12 11:42:02.372703 : Running "add" with arguments (3, 3)
INFO:root:2020-09-12 11:42:02.372703 : Running "add" with arguments (3, 3)
INFO:root:2020-09-12 11:42:02.372703 : Running "add" with arguments (3, 3)
INFO:root:2020-09-12 11:42:02.372703 : Running "add" with arguments (3, 3)
INFO:root:2020-09-12 11:42:02.372703 : Running "add" with arguments (3, 3)
INFO:root:2020-09-12 11:42:02.373701 : Running "add" with arguments (3, 3)
INFO:root:2020-09-12 11:42:02.373701 : Running "add" with arguments (3, 3)
INFO:root:2020-09-12 11:42:02.373701 : Running "add" with arguments (3, 3)
INFO:root:2020-09-12 11:42:02.373701 : Running "add" with arguments (3, 3)
INFO:root:2020-09-12 11:42:02.373701 : Running "add" with arguments (3, 3)
INFO:root:2020-09-12 11:42:02.373701 : Running "add" with arguments (3, 3)
INFO:root:2020-09-12 11:42:02.373701 : Running "add" with arguments (3, 3)
INFO:root:2020-09-12 11:42:02.373701 : Running "add" with arguments (3, 3)
INFO:root:2020-09-12 11:42:02.373701 : Running "add" with arguments (3, 3)
INFO:root:2020-09-12 11:42:02.373701 : Running "add" with arguments (3, 3)
INFO:root:2020-09-12 11:42:02.374699 : Running "add" with arguments (3, 3)
INFO:root:2020-09-12 11:42:02.374699 : Running "add" with arguments (3, 3)
INFO:root:2020-09-12 11:42:02.374699 : Running "add" with arguments (3, 3)
INFO:root:2020-09-12 11:42:02.374699 : Running "add" with arguments (3, 3)
INFO:root:2020-09-12 11:42:02.374699 : Running "add" with arguments (3, 3)
INFO:root:2020-09-12 11:42:02.374699 : Running "add" with arguments (3, 3)
INFO:root:2020-09-12 11:42:02.374699 : Running "add" with arguments (3, 3)
INFO:root:2020-09-12 11:42:02.374699 : Running "add" with arguments (3, 3)
INFO:root:2020-09-12 11:42:02.374699 : Running "add" with arguments (3, 3)
INFO:root:2020-09-12 11:42:02.374699 : Running "add" with arguments (3, 3)
INFO:root:2020-09-12 11:42:02.375698 : Running "add" with arguments (3, 3)
INFO:root:2020-09-12 11:42:02.375698 : Running "add" with arguments (3, 3)
INFO:root:2020-09-12 11:42:02.375698 : Running "add" with arguments (3, 3)
INFO:root:2020-09-12 11:42:02.375698 : Running "add" with arguments (3, 3)
INFO:root:2020-09-12 11:42:02.375698 : Running "add" with arguments (3, 3)
INFO:root:2020-09-12 11:42:02.375698 : Running "add" with arguments (3, 3)
INFO:root:2020-09-12 11:42:02.375698 : Running "add" with arguments (3, 3)
INFO:root:2020-09-12 11:42:02.375698 : Running "add" with arguments (3, 3)
INFO:root:2020-09-12 11:42:02.375698 : Running "add" with arguments (3, 3)
INFO:root:2020-09-12 11:42:02.376693 : Running "add" with arguments (3, 3)
INFO:root:2020-09-12 11:42:02.376693 : Running "add" with arguments (3, 3)
INFO:root:2020-09-12 11:42:02.376693 : Running "add" with arguments (3, 3)
INFO:root:2020-09-12 11:42:02.376693 : Running "add" with arguments (3, 3)
INFO:root:2020-09-12 11:42:02.376693 : Running "add" with arguments (3, 3)
INFO:root:2020-09-12 11:42:02.379659 : Running "add" with arguments (3, 3)
INFO:root:2020-09-12 11:42:02.379659 : Running "add" with arguments (3, 3)
INFO:root:2020-09-12 11:42:02.379659 : Running "add" with arguments (3, 3)
INFO:root:2020-09-12 11:42:02.379659 : Running "add" with arguments (3, 3)
INFO:root:2020-09-12 11:42:02.380680 : Running "add" with arguments (3, 3)
INFO:root:2020-09-12 11:42:02.380680 : Running "add" with arguments (3, 3)
INFO:root:2020-09-12 11:42:02.380680 : Running "add" with arguments (3, 3)
INFO:root:2020-09-12 11:42:02.380680 : Running "add" with arguments (3, 3)
INFO:root:2020-09-12 11:42:02.380680 : Running "add" with arguments (3, 3)
INFO:root:2020-09-12 11:42:02.380680 : Running "add" with arguments (3, 3)
INFO:root:2020-09-12 11:42:02.380680 : Running "add" with arguments (3, 3)
INFO:root:2020-09-12 11:42:02.380680 : Running "add" with arguments (3, 3)
INFO:root:2020-09-12 11:42:02.380680 : Running "add" with arguments (3, 3)
INFO:root:2020-09-12 11:42:02.381678 : Running "add" with arguments (3, 3)
INFO:root:2020-09-12 11:42:02.381678 : Running "add" with arguments (3, 3)
INFO:root:2020-09-12 11:42:02.381678 : Running "add" with arguments (3, 3)
INFO:root:2020-09-12 11:42:02.381678 : Running "add" with arguments (3, 3)
INFO:root:2020-09-12 11:42:02.381678 : Running "add" with arguments (3, 3)
INFO:root:2020-09-12 11:42:02.381678 : Running "add" with arguments (3, 3)
INFO:root:2020-09-12 11:42:02.381678 : Running "add" with arguments (3, 3)
INFO:root:2020-09-12 11:42:02.381678 : Running "add" with arguments (3, 3)
INFO:root:2020-09-12 11:42:02.381678 : Running "add" with arguments (3, 3)
INFO:root:2020-09-12 11:42:02.381678 : Running "add" with arguments (3, 3)
INFO:root:2020-09-12 11:42:02.382674 : Running "add" with arguments (3, 3)
INFO:root:2020-09-12 11:42:02.382674 : Running "add" with arguments (3, 3)
INFO:root:2020-09-12 11:42:02.382674 : Running "add" with arguments (3, 3)
INFO:root:2020-09-12 11:42:02.382674 : Running "add" with arguments (3, 3)
INFO:root:2020-09-12 11:42:02.382674 : Running "add" with arguments (3, 3)
INFO:root:2020-09-12 11:42:02.382674 : Running "add" with arguments (3, 3)
INFO:root:2020-09-12 11:42:02.382674 : Running "add" with arguments (3, 3)
INFO:root:2020-09-12 11:42:02.382674 : Running "add" with arguments (3, 3)
INFO:root:2020-09-12 11:42:02.382674 : Running "add" with arguments (3, 3)
INFO:root:2020-09-12 11:42:02.383673 : Running "add" with arguments (3, 3)
INFO:root:2020-09-12 11:42:02.383673 : Running "add" with arguments (3, 3)
INFO:root:2020-09-12 11:42:02.383673 : Running "add" with arguments (3, 3)
INFO:root:2020-09-12 11:42:02.383673 : Running "add" with arguments (3, 3)
INFO:root:2020-09-12 11:42:02.383673 : Running "add" with arguments (3, 3)
INFO:root:2020-09-12 11:42:02.383673 : Running "add" with arguments (3, 3)
INFO:root:2020-09-12 11:42:02.383673 : Running "add" with arguments (3, 3)
INFO:root:2020-09-12 11:42:02.383673 : Running "add" with arguments (3, 3)
INFO:root:2020-09-12 11:42:02.383673 : Running "add" with arguments (3, 3)
INFO:root:2020-09-12 11:42:02.384645 : Running "add" with arguments (3, 3)
INFO:root:2020-09-12 11:42:02.384645 : Running "add" with arguments (3, 3)
INFO:root:2020-09-12 11:42:02.384645 : Running "add" with arguments (3, 3)
INFO:root:2020-09-12 11:42:02.384645 : Running "add" with arguments (3, 3)
INFO:root:2020-09-12 11:42:02.384645 : Running "add" with arguments (3, 3)
INFO:root:2020-09-12 11:42:02.384645 : Running "add" with arguments (3, 3)
INFO:root:2020-09-12 11:42:02.384645 : Running "add" with arguments (3, 3)
INFO:root:2020-09-12 11:42:02.384645 : Running "add" with arguments (3, 3)
INFO:root:2020-09-12 11:42:49.473259 : Running "add" with arguments (3, 3)
INFO:root:2020-09-12 11:42:49.474249 : Running "add" with arguments (4, 5)
INFO:root:2020-09-12 11:42:49.475268 : Running "sub" with arguments (10, 5)
INFO:root:2020-09-12 11:42:49.476245 : Running "sub" with arguments (20, 10)
INFO:root:2020-09-12 11:42:49.476245 : Running "add_logger" with arguments (1, 1)
INFO:root:2020-09-12 11:42:49.477240 : Running "add_logger" with arguments (2, 3)
INFO:root:2020-09-12 11:42:49.477240 : Running "sub_logger" with arguments (100, 50)
INFO:root:2020-09-12 11:42:49.478238 : Running "sub_logger" with arguments (200, 100)
INFO:root:2020-09-12 11:43:50.698367 : Running "add" with arguments (3, 3)
INFO:root:2020-09-12 11:43:50.700386 : Running "add" with arguments (4, 5)
INFO:root:2020-09-12 11:43:50.701357 : Running "sub" with arguments (10, 5)
INFO:root:2020-09-12 11:43:50.702356 : Running "sub" with arguments (20, 10)
INFO:root:2020-09-12 11:43:50.712354 : Running "add_logger" with arguments (1, 1)
INFO:root:2020-09-12 11:43:50.714322 : Running "add_logger" with arguments (2, 3)
INFO:root:2020-09-12 11:43:50.716317 : Running "sub_logger" with arguments (100, 50)
INFO:root:2020-09-12 11:43:50.717314 : Running "sub_logger" with arguments (200, 100)
INFO:root:2020-09-12 11:44:19.858388 : Running "add" with arguments (3, 3)
INFO:root:2020-09-12 11:44:19.860383 : Running "add" with arguments (4, 5)
INFO:root:2020-09-12 11:44:19.862376 : Running "sub" with arguments (10, 5)
INFO:root:2020-09-12 11:44:19.863377 : Running "sub" with arguments (20, 10)
INFO:root:2020-09-12 11:44:19.880331 : Running "add_logger" with arguments (1, 1)
INFO:root:2020-09-12 11:44:19.889307 : Running "add_logger" with arguments (2, 3)
INFO:root:2020-09-12 11:44:19.890301 : Running "sub_logger" with arguments (100, 50)
INFO:root:2020-09-12 11:44:19.891298 : Running "sub_logger" with arguments (200, 100)
INFO:root:2020-09-12 11:44:31.357875 : Running "add" with arguments (3, 3)
INFO:root:2020-09-12 11:44:31.358871 : Running "add" with arguments (4, 5)
INFO:root:2020-09-12 11:44:31.359869 : Running "sub" with arguments (10, 5)
INFO:root:2020-09-12 11:44:31.360868 : Running "sub" with arguments (20, 10)
INFO:root:2020-09-12 11:44:31.361864 : Running "add_logger" with arguments (1, 1)
INFO:root:2020-09-12 11:44:31.362861 : Running "add_logger" with arguments (2, 3)
INFO:root:2020-09-12 11:44:31.362861 : Running "sub_logger" with arguments (100, 50)
INFO:root:2020-09-12 11:44:31.363859 : Running "sub_logger" with arguments (200, 100)
